{"/home/danii/myProjects/challenges/example-hr/src/app.module.ts": {"path":"/home/danii/myProjects/challenges/example-hr/src/app.module.ts","statementMap":{"0":{"start":{"line":1,"column":0},"end":{"line":1,"column":40}},"1":{"start":{"line":2,"column":0},"end":{"line":2,"column":59}},"2":{"start":{"line":3,"column":0},"end":{"line":3,"column":76}},"3":{"start":{"line":4,"column":0},"end":{"line":4,"column":76}},"4":{"start":{"line":5,"column":0},"end":{"line":5,"column":70}},"5":{"start":{"line":6,"column":0},"end":{"line":6,"column":86}},"6":{"start":{"line":7,"column":0},"end":{"line":7,"column":88}},"7":{"start":{"line":8,"column":0},"end":{"line":8,"column":82}},"8":{"start":{"line":9,"column":0},"end":{"line":9,"column":66}},"9":{"start":{"line":10,"column":0},"end":{"line":10,"column":80}},"10":{"start":{"line":11,"column":0},"end":{"line":11,"column":91}},"11":{"start":{"line":12,"column":0},"end":{"line":12,"column":85}},"12":{"start":{"line":13,"column":0},"end":{"line":13,"column":91}},"13":{"start":{"line":14,"column":0},"end":{"line":14,"column":82}},"14":{"start":{"line":15,"column":0},"end":{"line":15,"column":90}},"15":{"start":{"line":16,"column":0},"end":{"line":16,"column":80}},"16":{"start":{"line":17,"column":0},"end":{"line":17,"column":95}},"17":{"start":{"line":18,"column":0},"end":{"line":18,"column":87}},"18":{"start":{"line":19,"column":0},"end":{"line":19,"column":79}},"19":{"start":{"line":20,"column":0},"end":{"line":20,"column":56}},"20":{"start":{"line":21,"column":0},"end":{"line":21,"column":56}},"21":{"start":{"line":22,"column":0},"end":{"line":22,"column":99}},"22":{"start":{"line":23,"column":0},"end":{"line":23,"column":99}},"23":{"start":{"line":24,"column":0},"end":{"line":24,"column":93}},"24":{"start":{"line":25,"column":0},"end":{"line":25,"column":66}},"25":{"start":{"line":66,"column":7},"end":{"line":66,"column":null}},"26":{"start":{"line":66,"column":13},"end":{"line":66,"column":22}},"27":{"start":{"line":66,"column":13},"end":{"line":66,"column":null}}},"fnMap":{},"branchMap":{},"s":{"0":0,"1":0,"2":0,"3":0,"4":0,"5":0,"6":0,"7":0,"8":0,"9":0,"10":0,"11":0,"12":0,"13":0,"14":0,"15":0,"16":0,"17":0,"18":0,"19":0,"20":0,"21":0,"22":0,"23":0,"24":0,"25":0,"26":0,"27":0},"f":{},"b":{}}
,"/home/danii/myProjects/challenges/example-hr/src/main.ts": {"path":"/home/danii/myProjects/challenges/example-hr/src/main.ts","statementMap":{"0":{"start":{"line":1,"column":0},"end":{"line":1,"column":23}},"1":{"start":{"line":2,"column":0},"end":{"line":2,"column":43}},"2":{"start":{"line":3,"column":0},"end":{"line":3,"column":41}},"3":{"start":{"line":6,"column":14},"end":{"line":6,"column":49}},"4":{"start":{"line":7,"column":2},"end":{"line":7,"column":45}},"5":{"start":{"line":9,"column":0},"end":{"line":9,"column":17}}},"fnMap":{"0":{"name":"bootstrap","decl":{"start":{"line":5,"column":15},"end":{"line":5,"column":24}},"loc":{"start":{"line":5,"column":24},"end":{"line":8,"column":1}}}},"branchMap":{"0":{"loc":{"start":{"line":7,"column":19},"end":{"line":7,"column":43}},"type":"binary-expr","locations":[{"start":{"line":7,"column":19},"end":{"line":7,"column":35}},{"start":{"line":7,"column":39},"end":{"line":7,"column":43}}]}},"s":{"0":0,"1":0,"2":0,"3":0,"4":0,"5":0},"f":{"0":0},"b":{"0":[0,0]}}
,"/home/danii/myProjects/challenges/example-hr/src/config/config.service.ts": {"path":"/home/danii/myProjects/challenges/example-hr/src/config/config.service.ts","statementMap":{"0":{"start":{"line":1,"column":0},"end":{"line":1,"column":23}},"1":{"start":{"line":2,"column":0},"end":{"line":2,"column":44}},"2":{"start":{"line":3,"column":0},"end":{"line":3,"column":null}},"3":{"start":{"line":10,"column":7},"end":{"line":35,"column":null}},"4":{"start":{"line":11,"column":20},"end":{"line":11,"column":53}},"5":{"start":{"line":12,"column":34},"end":{"line":12,"column":65}},"6":{"start":{"line":13,"column":29},"end":{"line":13,"column":54}},"7":{"start":{"line":14,"column":31},"end":{"line":14,"column":58}},"8":{"start":{"line":17,"column":4},"end":{"line":22,"column":5}},"9":{"start":{"line":21,"column":6},"end":{"line":21,"column":75}},"10":{"start":{"line":24,"column":4},"end":{"line":26,"column":5}},"11":{"start":{"line":25,"column":6},"end":{"line":25,"column":69}},"12":{"start":{"line":28,"column":4},"end":{"line":33,"column":5}},"13":{"start":{"line":32,"column":6},"end":{"line":32,"column":71}},"14":{"start":{"line":10,"column":13},"end":{"line":10,"column":26}},"15":{"start":{"line":10,"column":13},"end":{"line":35,"column":null}}},"fnMap":{"0":{"name":"(anonymous_1)","decl":{"start":{"line":16,"column":2},"end":{"line":16,"column":10}},"loc":{"start":{"line":16,"column":10},"end":{"line":34,"column":3}}}},"branchMap":{"0":{"loc":{"start":{"line":11,"column":20},"end":{"line":11,"column":53}},"type":"binary-expr","locations":[{"start":{"line":11,"column":20},"end":{"line":11,"column":39}},{"start":{"line":11,"column":43},"end":{"line":11,"column":53}}]},"1":{"loc":{"start":{"line":17,"column":4},"end":{"line":22,"column":5}},"type":"if","locations":[{"start":{"line":17,"column":4},"end":{"line":22,"column":5}},{"start":{},"end":{}}]},"2":{"loc":{"start":{"line":18,"column":6},"end":{"line":19,"column":36}},"type":"binary-expr","locations":[{"start":{"line":18,"column":6},"end":{"line":18,"column":49}},{"start":{"line":19,"column":6},"end":{"line":19,"column":36}}]},"3":{"loc":{"start":{"line":24,"column":4},"end":{"line":26,"column":5}},"type":"if","locations":[{"start":{"line":24,"column":4},"end":{"line":26,"column":5}},{"start":{},"end":{}}]},"4":{"loc":{"start":{"line":24,"column":8},"end":{"line":24,"column":75}},"type":"binary-expr","locations":[{"start":{"line":24,"column":8},"end":{"line":24,"column":46}},{"start":{"line":24,"column":50},"end":{"line":24,"column":75}}]},"5":{"loc":{"start":{"line":28,"column":4},"end":{"line":33,"column":5}},"type":"if","locations":[{"start":{"line":28,"column":4},"end":{"line":33,"column":5}},{"start":{},"end":{}}]},"6":{"loc":{"start":{"line":29,"column":6},"end":{"line":30,"column":33}},"type":"binary-expr","locations":[{"start":{"line":29,"column":6},"end":{"line":29,"column":46}},{"start":{"line":30,"column":6},"end":{"line":30,"column":33}}]}},"s":{"0":5,"1":5,"2":5,"3":5,"4":14,"5":14,"6":14,"7":14,"8":14,"9":0,"10":14,"11":0,"12":14,"13":0,"14":5,"15":5},"f":{"0":14},"b":{"0":[14,0],"1":[0,14],"2":[14,14],"3":[0,14],"4":[14,14],"5":[0,14],"6":[14,14]}}
,"/home/danii/myProjects/challenges/example-hr/src/config/defaults.ts": {"path":"/home/danii/myProjects/challenges/example-hr/src/config/defaults.ts","statementMap":{"0":{"start":{"line":1,"column":13},"end":{"line":1,"column":52}},"1":{"start":{"line":2,"column":13},"end":{"line":2,"column":43}},"2":{"start":{"line":3,"column":13},"end":{"line":3,"column":49}}},"fnMap":{},"branchMap":{},"s":{"0":5,"1":5,"2":5},"f":{},"b":{}}
,"/home/danii/myProjects/challenges/example-hr/src/db/database.service.ts": {"path":"/home/danii/myProjects/challenges/example-hr/src/db/database.service.ts","statementMap":{"0":{"start":{"line":1,"column":0},"end":{"line":1,"column":44}},"1":{"start":{"line":2,"column":0},"end":{"line":2,"column":38}},"2":{"start":{"line":3,"column":0},"end":{"line":3,"column":59}},"3":{"start":{"line":4,"column":0},"end":{"line":4,"column":28}},"4":{"start":{"line":5,"column":0},"end":{"line":5,"column":57}},"5":{"start":{"line":8,"column":7},"end":{"line":76,"column":null}},"6":{"start":{"line":12,"column":21},"end":{"line":12,"column":36}},"7":{"start":{"line":14,"column":4},"end":{"line":14,"column":34}},"8":{"start":{"line":15,"column":4},"end":{"line":15,"column":54}},"9":{"start":{"line":16,"column":4},"end":{"line":16,"column":40}},"10":{"start":{"line":17,"column":4},"end":{"line":17,"column":25}},"11":{"start":{"line":21,"column":4},"end":{"line":21,"column":19}},"12":{"start":{"line":25,"column":15},"end":{"line":25,"column":38}},"13":{"start":{"line":26,"column":4},"end":{"line":26,"column":16}},"14":{"start":{"line":30,"column":4},"end":{"line":41,"column":7}},"15":{"start":{"line":45,"column":4},"end":{"line":51,"column":7}},"16":{"start":{"line":52,"column":24},"end":{"line":52,"column":53}},"17":{"start":{"line":53,"column":22},"end":{"line":53,"column":68}},"18":{"start":{"line":54,"column":26},"end":{"line":54,"column":75}},"19":{"start":{"line":55,"column":27},"end":{"line":57,"column":13}},"20":{"start":{"line":56,"column":28},"end":{"line":56,"column":53}},"21":{"start":{"line":59,"column":4},"end":{"line":74,"column":5}},"22":{"start":{"line":60,"column":29},"end":{"line":62,"column":27}},"23":{"start":{"line":64,"column":6},"end":{"line":66,"column":7}},"24":{"start":{"line":65,"column":8},"end":{"line":65,"column":17}},"25":{"start":{"line":68,"column":28},"end":{"line":68,"column":62}},"26":{"start":{"line":69,"column":27},"end":{"line":69,"column":62}},"27":{"start":{"line":70,"column":6},"end":{"line":70,"column":33}},"28":{"start":{"line":71,"column":6},"end":{"line":73,"column":54}},"29":{"start":{"line":8,"column":13},"end":{"line":8,"column":28}},"30":{"start":{"line":8,"column":13},"end":{"line":76,"column":null}}},"fnMap":{"0":{"name":"(anonymous_3)","decl":{"start":{"line":11,"column":2},"end":{"line":11,"column":null}},"loc":{"start":{"line":12,"column":71},"end":{"line":18,"column":3}}},"1":{"name":"(anonymous_4)","decl":{"start":{"line":20,"column":2},"end":{"line":20,"column":12}},"loc":{"start":{"line":20,"column":12},"end":{"line":22,"column":3}}},"2":{"name":"(anonymous_5)","decl":{"start":{"line":24,"column":2},"end":{"line":24,"column":17}},"loc":{"start":{"line":24,"column":32},"end":{"line":27,"column":3}}},"3":{"name":"(anonymous_6)","decl":{"start":{"line":29,"column":2},"end":{"line":29,"column":16}},"loc":{"start":{"line":29,"column":16},"end":{"line":42,"column":3}}},"4":{"name":"(anonymous_7)","decl":{"start":{"line":44,"column":10},"end":{"line":44,"column":23}},"loc":{"start":{"line":44,"column":23},"end":{"line":75,"column":3}}},"5":{"name":"(anonymous_8)","decl":{"start":{"line":56,"column":14},"end":{"line":56,"column":15}},"loc":{"start":{"line":56,"column":28},"end":{"line":56,"column":53}}}},"branchMap":{"0":{"loc":{"start":{"line":12,"column":21},"end":{"line":12,"column":71}},"type":"default-arg","locations":[{"start":{"line":12,"column":52},"end":{"line":12,"column":71}}]},"1":{"loc":{"start":{"line":54,"column":26},"end":{"line":54,"column":75}},"type":"cond-expr","locations":[{"start":{"line":54,"column":52},"end":{"line":54,"column":63}},{"start":{"line":54,"column":66},"end":{"line":54,"column":75}}]},"2":{"loc":{"start":{"line":64,"column":6},"end":{"line":66,"column":7}},"type":"if","locations":[{"start":{"line":64,"column":6},"end":{"line":66,"column":7}},{"start":{},"end":{}}]},"3":{"loc":{"start":{"line":12,"column":36},"end":{"line":12,"column":52}},"type":"cond-expr","locations":[{"start":{"line":12,"column":49},"end":{"line":12,"column":52}},{"start":{"line":12,"column":49},"end":{"line":12,"column":52}}]},"4":{"loc":{"start":{"line":12,"column":36},"end":{"line":12,"column":49}},"type":"binary-expr","locations":[{"start":{"line":12,"column":36},"end":{"line":12,"column":52}},{"start":{"line":12,"column":36},"end":{"line":12,"column":49}}]}},"s":{"0":5,"1":5,"2":5,"3":5,"4":5,"5":5,"6":14,"7":14,"8":14,"9":14,"10":14,"11":138,"12":8,"13":8,"14":0,"15":14,"16":14,"17":14,"18":14,"19":14,"20":28,"21":14,"22":28,"23":28,"24":0,"25":28,"26":28,"27":28,"28":28,"29":5,"30":5},"f":{"0":14,"1":138,"2":8,"3":0,"4":14,"5":28},"b":{"0":[10],"1":[14,0],"2":[0,28],"3":[5,0],"4":[5,5]}}
,"/home/danii/myProjects/challenges/example-hr/src/filters/domain-error.filter.ts": {"path":"/home/danii/myProjects/challenges/example-hr/src/filters/domain-error.filter.ts","statementMap":{"0":{"start":{"line":1,"column":0},"end":{"line":1,"column":null}},"1":{"start":{"line":8,"column":0},"end":{"line":8,"column":81}},"2":{"start":{"line":9,"column":0},"end":{"line":9,"column":74}},"3":{"start":{"line":10,"column":0},"end":{"line":10,"column":54}},"4":{"start":{"line":12,"column":0},"end":{"line":12,"column":null}},"5":{"start":{"line":13,"column":2},"end":{"line":13,"column":null}},"6":{"start":{"line":14,"column":2},"end":{"line":14,"column":null}},"7":{"start":{"line":15,"column":2},"end":{"line":15,"column":null}},"8":{"start":{"line":16,"column":2},"end":{"line":16,"column":null}},"9":{"start":{"line":17,"column":2},"end":{"line":17,"column":null}},"10":{"start":{"line":18,"column":2},"end":{"line":18,"column":null}},"11":{"start":{"line":19,"column":2},"end":{"line":19,"column":null}},"12":{"start":{"line":20,"column":2},"end":{"line":20,"column":null}},"13":{"start":{"line":24,"column":30},"end":{"line":58,"column":null}},"14":{"start":{"line":25,"column":31},"end":{"line":25,"column":42}},"15":{"start":{"line":28,"column":16},"end":{"line":28,"column":35}},"16":{"start":{"line":29,"column":21},"end":{"line":29,"column":48}},"17":{"start":{"line":30,"column":20},"end":{"line":30,"column":45}},"18":{"start":{"line":32,"column":18},"end":{"line":32,"column":38}},"19":{"start":{"line":34,"column":6},"end":{"line":37,"column":15}},"20":{"start":{"line":38,"column":22},"end":{"line":38,"column":46}},"21":{"start":{"line":40,"column":4},"end":{"line":47,"column":7}},"22":{"start":{"line":49,"column":19},"end":{"line":49,"column":54}},"23":{"start":{"line":50,"column":4},"end":{"line":56,"column":7}},"24":{"start":{"line":24,"column":13},"end":{"line":24,"column":30}},"25":{"start":{"line":24,"column":13},"end":{"line":58,"column":null}},"26":{"start":{"line":61,"column":2},"end":{"line":77,"column":3}},"27":{"start":{"line":63,"column":6},"end":{"line":63,"column":34}},"28":{"start":{"line":68,"column":6},"end":{"line":68,"column":36}},"29":{"start":{"line":70,"column":6},"end":{"line":70,"column":33}},"30":{"start":{"line":72,"column":6},"end":{"line":72,"column":33}},"31":{"start":{"line":74,"column":6},"end":{"line":74,"column":44}},"32":{"start":{"line":76,"column":6},"end":{"line":76,"column":36}}},"fnMap":{"0":{"name":"(anonymous_2)","decl":{"start":{"line":12,"column":0},"end":{"line":12,"column":12}},"loc":{"start":{"line":12,"column":27},"end":{"line":21,"column":1}}},"1":{"name":"(anonymous_3)","decl":{"start":{"line":25,"column":2},"end":{"line":25,"column":31}},"loc":{"start":{"line":25,"column":51},"end":{"line":25,"column":55}}},"2":{"name":"(anonymous_4)","decl":{"start":{"line":27,"column":2},"end":{"line":27,"column":7}},"loc":{"start":{"line":27,"column":51},"end":{"line":57,"column":3}}},"3":{"name":"mapCodeToHttpStatus","decl":{"start":{"line":60,"column":9},"end":{"line":60,"column":28}},"loc":{"start":{"line":60,"column":41},"end":{"line":78,"column":1}}}},"branchMap":{"0":{"loc":{"start":{"line":12,"column":12},"end":{"line":12,"column":null}},"type":"binary-expr","locations":[{"start":{"line":12,"column":12},"end":{"line":12,"column":27}},{"start":{"line":12,"column":27},"end":{"line":12,"column":null}}]},"1":{"loc":{"start":{"line":34,"column":6},"end":{"line":37,"column":15}},"type":"binary-expr","locations":[{"start":{"line":34,"column":6},"end":{"line":34,"column":26}},{"start":{"line":35,"column":7},"end":{"line":37,"column":14}}]},"2":{"loc":{"start":{"line":35,"column":7},"end":{"line":37,"column":14}},"type":"cond-expr","locations":[{"start":{"line":36,"column":10},"end":{"line":36,"column":45}},{"start":{"line":37,"column":10},"end":{"line":37,"column":14}}]},"3":{"loc":{"start":{"line":38,"column":22},"end":{"line":38,"column":46}},"type":"binary-expr","locations":[{"start":{"line":38,"column":22},"end":{"line":38,"column":38}},{"start":{"line":38,"column":42},"end":{"line":38,"column":46}}]},"4":{"loc":{"start":{"line":44,"column":15},"end":{"line":44,"column":40}},"type":"binary-expr","locations":[{"start":{"line":44,"column":15},"end":{"line":44,"column":32}},{"start":{"line":44,"column":36},"end":{"line":44,"column":40}}]},"5":{"loc":{"start":{"line":25,"column":42},"end":{"line":25,"column":54}},"type":"cond-expr","locations":[{"start":{"line":25,"column":51},"end":{"line":25,"column":54}},{"start":{"line":25,"column":51},"end":{"line":25,"column":54}}]},"6":{"loc":{"start":{"line":25,"column":42},"end":{"line":25,"column":51}},"type":"binary-expr","locations":[{"start":{"line":25,"column":42},"end":{"line":25,"column":54}},{"start":{"line":25,"column":42},"end":{"line":25,"column":51}}]},"7":{"loc":{"start":{"line":61,"column":2},"end":{"line":77,"column":3}},"type":"switch","locations":[{"start":{"line":62,"column":4},"end":{"line":63,"column":34}},{"start":{"line":64,"column":4},"end":{"line":64,"column":51}},{"start":{"line":65,"column":4},"end":{"line":65,"column":38}},{"start":{"line":66,"column":4},"end":{"line":66,"column":44}},{"start":{"line":67,"column":4},"end":{"line":68,"column":36}},{"start":{"line":69,"column":4},"end":{"line":70,"column":33}},{"start":{"line":71,"column":4},"end":{"line":72,"column":33}},{"start":{"line":73,"column":4},"end":{"line":74,"column":44}},{"start":{"line":75,"column":4},"end":{"line":76,"column":36}}]}},"s":{"0":4,"1":4,"2":4,"3":4,"4":4,"5":4,"6":4,"7":4,"8":4,"9":4,"10":4,"11":4,"12":4,"13":4,"14":0,"15":0,"16":0,"17":0,"18":0,"19":0,"20":0,"21":0,"22":0,"23":0,"24":4,"25":4,"26":0,"27":0,"28":0,"29":0,"30":0,"31":0,"32":0},"f":{"0":4,"1":0,"2":0,"3":0},"b":{"0":[4,4],"1":[0,0],"2":[0,0],"3":[0,0],"4":[0,0],"5":[4,0],"6":[4,4],"7":[0,0,0,0,0,0,0,0,0]}}
,"/home/danii/myProjects/challenges/example-hr/src/modules/balances/balances.controller.ts": {"path":"/home/danii/myProjects/challenges/example-hr/src/modules/balances/balances.controller.ts","statementMap":{"0":{"start":{"line":1,"column":0},"end":{"line":1,"column":56}},"1":{"start":{"line":2,"column":0},"end":{"line":2,"column":53}},"2":{"start":{"line":5,"column":7},"end":{"line":15,"column":null}},"3":{"start":{"line":6,"column":31},"end":{"line":6,"column":48}},"4":{"start":{"line":13,"column":4},"end":{"line":13,"column":67}},"5":{"start":{"line":5,"column":13},"end":{"line":5,"column":31}},"6":{"start":{"line":9,"column":2},"end":{"line":14,"column":null}},"7":{"start":{"line":5,"column":13},"end":{"line":15,"column":null}}},"fnMap":{"0":{"name":"(anonymous_4)","decl":{"start":{"line":6,"column":2},"end":{"line":6,"column":31}},"loc":{"start":{"line":6,"column":63},"end":{"line":6,"column":67}}},"1":{"name":"(anonymous_5)","decl":{"start":{"line":9,"column":2},"end":{"line":9,"column":12}},"loc":{"start":{"line":11,"column":43},"end":{"line":14,"column":3}}}},"branchMap":{"0":{"loc":{"start":{"line":6,"column":48},"end":{"line":6,"column":66}},"type":"cond-expr","locations":[{"start":{"line":6,"column":63},"end":{"line":6,"column":66}},{"start":{"line":6,"column":63},"end":{"line":6,"column":66}}]},"1":{"loc":{"start":{"line":6,"column":48},"end":{"line":6,"column":63}},"type":"binary-expr","locations":[{"start":{"line":6,"column":48},"end":{"line":6,"column":66}},{"start":{"line":6,"column":48},"end":{"line":6,"column":63}}]}},"s":{"0":0,"1":0,"2":0,"3":0,"4":0,"5":0,"6":0,"7":0},"f":{"0":0,"1":0},"b":{"0":[0,0],"1":[0,0]}}
,"/home/danii/myProjects/challenges/example-hr/src/modules/balances/balances.repository.ts": {"path":"/home/danii/myProjects/challenges/example-hr/src/modules/balances/balances.repository.ts","statementMap":{"0":{"start":{"line":1,"column":0},"end":{"line":1,"column":44}},"1":{"start":{"line":2,"column":0},"end":{"line":2,"column":60}},"2":{"start":{"line":6,"column":7},"end":{"line":139,"column":null}},"3":{"start":{"line":7,"column":31},"end":{"line":7,"column":48}},"4":{"start":{"line":10,"column":16},"end":{"line":16,"column":null}},"5":{"start":{"line":27,"column":4},"end":{"line":27,"column":31}},"6":{"start":{"line":27,"column":14},"end":{"line":27,"column":31}},"7":{"start":{"line":29,"column":4},"end":{"line":36,"column":6}},"8":{"start":{"line":44,"column":16},"end":{"line":44,"column":40}},"9":{"start":{"line":45,"column":4},"end":{"line":56,"column":60}},"10":{"start":{"line":58,"column":4},"end":{"line":58,"column":45}},"11":{"start":{"line":67,"column":6},"end":{"line":68,"column":52}},"12":{"start":{"line":69,"column":4},"end":{"line":73,"column":6}},"13":{"start":{"line":82,"column":16},"end":{"line":82,"column":40}},"14":{"start":{"line":84,"column":19},"end":{"line":91,"column":68}},"15":{"start":{"line":93,"column":4},"end":{"line":95,"column":5}},"16":{"start":{"line":94,"column":6},"end":{"line":94,"column":23}},"17":{"start":{"line":97,"column":4},"end":{"line":97,"column":44}},"18":{"start":{"line":104,"column":19},"end":{"line":115,"column":null}},"19":{"start":{"line":118,"column":4},"end":{"line":118,"column":44}},"20":{"start":{"line":122,"column":4},"end":{"line":137,"column":8}},"21":{"start":{"line":6,"column":13},"end":{"line":6,"column":31}},"22":{"start":{"line":6,"column":13},"end":{"line":139,"column":null}}},"fnMap":{"0":{"name":"(anonymous_2)","decl":{"start":{"line":7,"column":2},"end":{"line":7,"column":31}},"loc":{"start":{"line":7,"column":63},"end":{"line":7,"column":67}}},"1":{"name":"(anonymous_3)","decl":{"start":{"line":9,"column":2},"end":{"line":9,"column":5}},"loc":{"start":{"line":9,"column":44},"end":{"line":37,"column":3}}},"2":{"name":"(anonymous_4)","decl":{"start":{"line":39,"column":2},"end":{"line":39,"column":16}},"loc":{"start":{"line":42,"column":25},"end":{"line":59,"column":3}}},"3":{"name":"(anonymous_5)","decl":{"start":{"line":61,"column":2},"end":{"line":61,"column":12}},"loc":{"start":{"line":64,"column":21},"end":{"line":74,"column":3}}},"4":{"name":"(anonymous_6)","decl":{"start":{"line":76,"column":2},"end":{"line":76,"column":20}},"loc":{"start":{"line":80,"column":27},"end":{"line":98,"column":3}}},"5":{"name":"(anonymous_7)","decl":{"start":{"line":100,"column":2},"end":{"line":100,"column":24}},"loc":{"start":{"line":102,"column":23},"end":{"line":119,"column":3}}},"6":{"name":"(anonymous_8)","decl":{"start":{"line":121,"column":2},"end":{"line":121,"column":19}},"loc":{"start":{"line":121,"column":45},"end":{"line":138,"column":3}}}},"branchMap":{"0":{"loc":{"start":{"line":27,"column":4},"end":{"line":27,"column":31}},"type":"if","locations":[{"start":{"line":27,"column":4},"end":{"line":27,"column":31}},{"start":{},"end":{}}]},"1":{"loc":{"start":{"line":35,"column":20},"end":{"line":35,"column":51}},"type":"binary-expr","locations":[{"start":{"line":35,"column":20},"end":{"line":35,"column":38}},{"start":{"line":35,"column":42},"end":{"line":35,"column":51}}]},"2":{"loc":{"start":{"line":67,"column":6},"end":{"line":68,"column":52}},"type":"binary-expr","locations":[{"start":{"line":67,"column":6},"end":{"line":67,"column":38}},{"start":{"line":68,"column":6},"end":{"line":68,"column":52}}]},"3":{"loc":{"start":{"line":93,"column":4},"end":{"line":95,"column":5}},"type":"if","locations":[{"start":{"line":93,"column":4},"end":{"line":95,"column":5}},{"start":{},"end":{}}]},"4":{"loc":{"start":{"line":134,"column":8},"end":{"line":134,"column":31}},"type":"binary-expr","locations":[{"start":{"line":134,"column":8},"end":{"line":134,"column":23}},{"start":{"line":134,"column":27},"end":{"line":134,"column":31}}]},"5":{"loc":{"start":{"line":7,"column":48},"end":{"line":7,"column":66}},"type":"cond-expr","locations":[{"start":{"line":7,"column":63},"end":{"line":7,"column":66}},{"start":{"line":7,"column":63},"end":{"line":7,"column":66}}]},"6":{"loc":{"start":{"line":7,"column":48},"end":{"line":7,"column":63}},"type":"binary-expr","locations":[{"start":{"line":7,"column":48},"end":{"line":7,"column":66}},{"start":{"line":7,"column":48},"end":{"line":7,"column":63}}]}},"s":{"0":4,"1":4,"2":4,"3":13,"4":39,"5":39,"6":3,"7":36,"8":14,"9":14,"10":14,"11":0,"12":0,"13":6,"14":6,"15":6,"16":0,"17":6,"18":3,"19":3,"20":8,"21":4,"22":4},"f":{"0":13,"1":39,"2":14,"3":0,"4":6,"5":3,"6":8},"b":{"0":[3,36],"1":[36,0],"2":[0,0],"3":[0,6],"4":[8,2],"5":[4,0],"6":[4,4]}}
,"/home/danii/myProjects/challenges/example-hr/src/modules/balances/balances.service.ts": {"path":"/home/danii/myProjects/challenges/example-hr/src/modules/balances/balances.service.ts","statementMap":{"0":{"start":{"line":1,"column":0},"end":{"line":1,"column":44}},"1":{"start":{"line":2,"column":0},"end":{"line":2,"column":59}},"2":{"start":{"line":5,"column":7},"end":{"line":14,"column":null}},"3":{"start":{"line":6,"column":31},"end":{"line":6,"column":51}},"4":{"start":{"line":9,"column":4},"end":{"line":12,"column":6}},"5":{"start":{"line":5,"column":13},"end":{"line":5,"column":28}},"6":{"start":{"line":5,"column":13},"end":{"line":14,"column":null}}},"fnMap":{"0":{"name":"(anonymous_2)","decl":{"start":{"line":6,"column":2},"end":{"line":6,"column":31}},"loc":{"start":{"line":6,"column":69},"end":{"line":6,"column":73}}},"1":{"name":"(anonymous_3)","decl":{"start":{"line":8,"column":2},"end":{"line":8,"column":12}},"loc":{"start":{"line":8,"column":51},"end":{"line":13,"column":3}}}},"branchMap":{"0":{"loc":{"start":{"line":10,"column":6},"end":{"line":11,"column":71}},"type":"binary-expr","locations":[{"start":{"line":10,"column":6},"end":{"line":10,"column":57}},{"start":{"line":11,"column":6},"end":{"line":11,"column":71}}]},"1":{"loc":{"start":{"line":6,"column":51},"end":{"line":6,"column":72}},"type":"cond-expr","locations":[{"start":{"line":6,"column":69},"end":{"line":6,"column":72}},{"start":{"line":6,"column":69},"end":{"line":6,"column":72}}]},"2":{"loc":{"start":{"line":6,"column":51},"end":{"line":6,"column":69}},"type":"binary-expr","locations":[{"start":{"line":6,"column":51},"end":{"line":6,"column":72}},{"start":{"line":6,"column":51},"end":{"line":6,"column":69}}]}},"s":{"0":0,"1":0,"2":0,"3":0,"4":0,"5":0,"6":0},"f":{"0":0,"1":0},"b":{"0":[0,0],"1":[0,0],"2":[0,0]}}
,"/home/danii/myProjects/challenges/example-hr/src/modules/hcm-sync/clients/hcm.client.ts": {"path":"/home/danii/myProjects/challenges/example-hr/src/modules/hcm-sync/clients/hcm.client.ts","statementMap":{"0":{"start":{"line":1,"column":0},"end":{"line":1,"column":44}},"1":{"start":{"line":2,"column":0},"end":{"line":2,"column":23}},"2":{"start":{"line":13,"column":7},"end":{"line":130,"column":null}},"3":{"start":{"line":14,"column":30},"end":{"line":14,"column":55}},"4":{"start":{"line":15,"column":24},"end":{"line":15,"column":29}},"5":{"start":{"line":16,"column":37},"end":{"line":16,"column":43}},"6":{"start":{"line":17,"column":29},"end":{"line":17,"column":53}},"7":{"start":{"line":23,"column":4},"end":{"line":32,"column":5}},"8":{"start":{"line":24,"column":23},"end":{"line":25,"column":null}},"9":{"start":{"line":27,"column":6},"end":{"line":27,"column":47}},"10":{"start":{"line":27,"column":35},"end":{"line":27,"column":47}},"11":{"start":{"line":28,"column":6},"end":{"line":28,"column":52}},"12":{"start":{"line":28,"column":35},"end":{"line":28,"column":52}},"13":{"start":{"line":29,"column":6},"end":{"line":29,"column":36}},"14":{"start":{"line":29,"column":24},"end":{"line":29,"column":36}},"15":{"start":{"line":30,"column":20},"end":{"line":30,"column":41}},"16":{"start":{"line":31,"column":6},"end":{"line":31,"column":23}},"17":{"start":{"line":34,"column":4},"end":{"line":36,"column":5}},"18":{"start":{"line":35,"column":6},"end":{"line":35,"column":18}},"19":{"start":{"line":38,"column":4},"end":{"line":38,"column":61}},"20":{"start":{"line":42,"column":4},"end":{"line":62,"column":5}},"21":{"start":{"line":43,"column":23},"end":{"line":47,"column":8}},"22":{"start":{"line":49,"column":6},"end":{"line":53,"column":7}},"23":{"start":{"line":50,"column":20},"end":{"line":50,"column":54}},"24":{"start":{"line":51,"column":9},"end":{"line":51,"column":62}},"25":{"start":{"line":52,"column":8},"end":{"line":52,"column":18}},"26":{"start":{"line":55,"column":6},"end":{"line":59,"column":7}},"27":{"start":{"line":56,"column":20},"end":{"line":56,"column":55}},"28":{"start":{"line":57,"column":9},"end":{"line":57,"column":63}},"29":{"start":{"line":58,"column":8},"end":{"line":58,"column":18}},"30":{"start":{"line":61,"column":6},"end":{"line":61,"column":26}},"31":{"start":{"line":64,"column":4},"end":{"line":68,"column":5}},"32":{"start":{"line":65,"column":18},"end":{"line":65,"column":52}},"33":{"start":{"line":66,"column":7},"end":{"line":66,"column":60}},"34":{"start":{"line":67,"column":6},"end":{"line":67,"column":16}},"35":{"start":{"line":70,"column":4},"end":{"line":74,"column":5}},"36":{"start":{"line":71,"column":18},"end":{"line":71,"column":53}},"37":{"start":{"line":72,"column":7},"end":{"line":72,"column":61}},"38":{"start":{"line":73,"column":6},"end":{"line":73,"column":16}},"39":{"start":{"line":76,"column":16},"end":{"line":76,"column":58}},"40":{"start":{"line":77,"column":22},"end":{"line":77,"column":49}},"41":{"start":{"line":78,"column":4},"end":{"line":78,"column":51}},"42":{"start":{"line":79,"column":4},"end":{"line":79,"column":24}},"43":{"start":{"line":87,"column":4},"end":{"line":94,"column":5}},"44":{"start":{"line":88,"column":6},"end":{"line":92,"column":9}},"45":{"start":{"line":93,"column":6},"end":{"line":93,"column":13}},"46":{"start":{"line":96,"column":4},"end":{"line":96,"column":60}},"47":{"start":{"line":100,"column":4},"end":{"line":107,"column":5}},"48":{"start":{"line":101,"column":6},"end":{"line":105,"column":9}},"49":{"start":{"line":106,"column":6},"end":{"line":106,"column":13}},"50":{"start":{"line":109,"column":4},"end":{"line":109,"column":29}},"51":{"start":{"line":113,"column":4},"end":{"line":126,"column":5}},"52":{"start":{"line":115,"column":8},"end":{"line":119,"column":26}},"53":{"start":{"line":120,"column":6},"end":{"line":124,"column":9}},"54":{"start":{"line":125,"column":6},"end":{"line":125,"column":13}},"55":{"start":{"line":128,"column":4},"end":{"line":128,"column":28}},"56":{"start":{"line":13,"column":13},"end":{"line":13,"column":22}},"57":{"start":{"line":13,"column":13},"end":{"line":130,"column":null}}},"fnMap":{"0":{"name":"(anonymous_1)","decl":{"start":{"line":19,"column":2},"end":{"line":19,"column":7}},"loc":{"start":{"line":21,"column":22},"end":{"line":39,"column":3}}},"1":{"name":"(anonymous_2)","decl":{"start":{"line":41,"column":2},"end":{"line":41,"column":7}},"loc":{"start":{"line":41,"column":51},"end":{"line":80,"column":3}}},"2":{"name":"(anonymous_3)","decl":{"start":{"line":82,"column":2},"end":{"line":82,"column":7}},"loc":{"start":{"line":85,"column":16},"end":{"line":97,"column":3}}},"3":{"name":"(anonymous_4)","decl":{"start":{"line":99,"column":2},"end":{"line":99,"column":7}},"loc":{"start":{"line":99,"column":37},"end":{"line":110,"column":3}}},"4":{"name":"(anonymous_5)","decl":{"start":{"line":112,"column":2},"end":{"line":112,"column":7}},"loc":{"start":{"line":112,"column":40},"end":{"line":129,"column":3}}}},"branchMap":{"0":{"loc":{"start":{"line":23,"column":4},"end":{"line":32,"column":5}},"type":"if","locations":[{"start":{"line":23,"column":4},"end":{"line":32,"column":5}},{"start":{},"end":{}}]},"1":{"loc":{"start":{"line":27,"column":6},"end":{"line":27,"column":47}},"type":"if","locations":[{"start":{"line":27,"column":6},"end":{"line":27,"column":47}},{"start":{},"end":{}}]},"2":{"loc":{"start":{"line":28,"column":6},"end":{"line":28,"column":52}},"type":"if","locations":[{"start":{"line":28,"column":6},"end":{"line":28,"column":52}},{"start":{},"end":{}}]},"3":{"loc":{"start":{"line":29,"column":6},"end":{"line":29,"column":36}},"type":"if","locations":[{"start":{"line":29,"column":6},"end":{"line":29,"column":36}},{"start":{},"end":{}}]},"4":{"loc":{"start":{"line":34,"column":4},"end":{"line":36,"column":5}},"type":"if","locations":[{"start":{"line":34,"column":4},"end":{"line":36,"column":5}},{"start":{},"end":{}}]},"5":{"loc":{"start":{"line":42,"column":4},"end":{"line":62,"column":5}},"type":"if","locations":[{"start":{"line":42,"column":4},"end":{"line":62,"column":5}},{"start":{},"end":{}}]},"6":{"loc":{"start":{"line":49,"column":6},"end":{"line":53,"column":7}},"type":"if","locations":[{"start":{"line":49,"column":6},"end":{"line":53,"column":7}},{"start":{},"end":{}}]},"7":{"loc":{"start":{"line":49,"column":10},"end":{"line":49,"column":59}},"type":"binary-expr","locations":[{"start":{"line":49,"column":10},"end":{"line":49,"column":33}},{"start":{"line":49,"column":37},"end":{"line":49,"column":59}}]},"8":{"loc":{"start":{"line":55,"column":6},"end":{"line":59,"column":7}},"type":"if","locations":[{"start":{"line":55,"column":6},"end":{"line":59,"column":7}},{"start":{},"end":{}}]},"9":{"loc":{"start":{"line":64,"column":4},"end":{"line":68,"column":5}},"type":"if","locations":[{"start":{"line":64,"column":4},"end":{"line":68,"column":5}},{"start":{},"end":{}}]},"10":{"loc":{"start":{"line":64,"column":8},"end":{"line":64,"column":60}},"type":"binary-expr","locations":[{"start":{"line":64,"column":8},"end":{"line":64,"column":24}},{"start":{"line":64,"column":28},"end":{"line":64,"column":60}}]},"11":{"loc":{"start":{"line":70,"column":4},"end":{"line":74,"column":5}},"type":"if","locations":[{"start":{"line":70,"column":4},"end":{"line":74,"column":5}},{"start":{},"end":{}}]},"12":{"loc":{"start":{"line":77,"column":22},"end":{"line":77,"column":49}},"type":"binary-expr","locations":[{"start":{"line":77,"column":22},"end":{"line":77,"column":44}},{"start":{"line":77,"column":48},"end":{"line":77,"column":49}}]},"13":{"loc":{"start":{"line":87,"column":4},"end":{"line":94,"column":5}},"type":"if","locations":[{"start":{"line":87,"column":4},"end":{"line":94,"column":5}},{"start":{},"end":{}}]},"14":{"loc":{"start":{"line":100,"column":4},"end":{"line":107,"column":5}},"type":"if","locations":[{"start":{"line":100,"column":4},"end":{"line":107,"column":5}},{"start":{},"end":{}}]},"15":{"loc":{"start":{"line":104,"column":37},"end":{"line":104,"column":65}},"type":"cond-expr","locations":[{"start":{"line":104,"column":45},"end":{"line":104,"column":56}},{"start":{"line":104,"column":59},"end":{"line":104,"column":65}}]},"16":{"loc":{"start":{"line":113,"column":4},"end":{"line":126,"column":5}},"type":"if","locations":[{"start":{"line":113,"column":4},"end":{"line":126,"column":5}},{"start":{},"end":{}}]},"17":{"loc":{"start":{"line":115,"column":8},"end":{"line":119,"column":26}},"type":"cond-expr","locations":[{"start":{"line":116,"column":12},"end":{"line":116,"column":18}},{"start":{"line":117,"column":12},"end":{"line":119,"column":26}}]},"18":{"loc":{"start":{"line":117,"column":12},"end":{"line":119,"column":26}},"type":"cond-expr","locations":[{"start":{"line":118,"column":14},"end":{"line":118,"column":25}},{"start":{"line":119,"column":14},"end":{"line":119,"column":26}}]}},"s":{"0":2,"1":2,"2":2,"3":7,"4":7,"5":7,"6":7,"7":2,"8":0,"9":0,"10":0,"11":0,"12":0,"13":0,"14":0,"15":0,"16":0,"17":2,"18":1,"19":1,"20":3,"21":0,"22":0,"23":0,"24":0,"25":0,"26":0,"27":0,"28":0,"29":0,"30":0,"31":3,"32":1,"33":1,"34":1,"35":2,"36":1,"37":1,"38":1,"39":1,"40":1,"41":1,"42":1,"43":4,"44":0,"45":0,"46":4,"47":1,"48":0,"49":0,"50":1,"51":2,"52":0,"53":0,"54":0,"55":2,"56":2,"57":2},"f":{"0":2,"1":3,"2":4,"3":1,"4":2},"b":{"0":[0,2],"1":[0,0],"2":[0,0],"3":[0,0],"4":[1,1],"5":[0,3],"6":[0,0],"7":[0,0],"8":[0,0],"9":[1,2],"10":[3,3],"11":[1,1],"12":[1,0],"13":[0,4],"14":[0,1],"15":[0,0],"16":[0,2],"17":[0,0],"18":[0,0]}}
,"/home/danii/myProjects/challenges/example-hr/src/modules/hcm-sync/controllers/sync-admin.controller.ts": {"path":"/home/danii/myProjects/challenges/example-hr/src/modules/hcm-sync/controllers/sync-admin.controller.ts","statementMap":{"0":{"start":{"line":1,"column":0},"end":{"line":1,"column":57}},"1":{"start":{"line":2,"column":0},"end":{"line":2,"column":69}},"2":{"start":{"line":5,"column":7},"end":{"line":15,"column":null}},"3":{"start":{"line":6,"column":31},"end":{"line":6,"column":51}},"4":{"start":{"line":10,"column":19},"end":{"line":10,"column":45}},"5":{"start":{"line":11,"column":4},"end":{"line":13,"column":6}},"6":{"start":{"line":5,"column":13},"end":{"line":5,"column":32}},"7":{"start":{"line":9,"column":8},"end":{"line":14,"column":null}},"8":{"start":{"line":5,"column":13},"end":{"line":15,"column":null}}},"fnMap":{"0":{"name":"(anonymous_4)","decl":{"start":{"line":6,"column":2},"end":{"line":6,"column":31}},"loc":{"start":{"line":6,"column":69},"end":{"line":6,"column":73}}},"1":{"name":"(anonymous_5)","decl":{"start":{"line":9,"column":8},"end":{"line":9,"column":15}},"loc":{"start":{"line":9,"column":46},"end":{"line":14,"column":3}}}},"branchMap":{"0":{"loc":{"start":{"line":10,"column":19},"end":{"line":10,"column":45}},"type":"cond-expr","locations":[{"start":{"line":10,"column":27},"end":{"line":10,"column":40}},{"start":{"line":10,"column":43},"end":{"line":10,"column":45}}]},"1":{"loc":{"start":{"line":12,"column":6},"end":{"line":12,"column":43}},"type":"cond-expr","locations":[{"start":{"line":12,"column":32},"end":{"line":12,"column":38}},{"start":{"line":12,"column":41},"end":{"line":12,"column":43}}]},"2":{"loc":{"start":{"line":6,"column":51},"end":{"line":6,"column":72}},"type":"cond-expr","locations":[{"start":{"line":6,"column":69},"end":{"line":6,"column":72}},{"start":{"line":6,"column":69},"end":{"line":6,"column":72}}]},"3":{"loc":{"start":{"line":6,"column":51},"end":{"line":6,"column":69}},"type":"binary-expr","locations":[{"start":{"line":6,"column":51},"end":{"line":6,"column":72}},{"start":{"line":6,"column":51},"end":{"line":6,"column":69}}]}},"s":{"0":0,"1":0,"2":0,"3":0,"4":0,"5":0,"6":0,"7":0,"8":0},"f":{"0":0,"1":0},"b":{"0":[0,0],"1":[0,0],"2":[0,0],"3":[0,0]}}
,"/home/danii/myProjects/challenges/example-hr/src/modules/hcm-sync/controllers/sync.controller.ts": {"path":"/home/danii/myProjects/challenges/example-hr/src/modules/hcm-sync/controllers/sync.controller.ts","statementMap":{"0":{"start":{"line":1,"column":0},"end":{"line":1,"column":68}},"1":{"start":{"line":2,"column":0},"end":{"line":2,"column":63}},"2":{"start":{"line":3,"column":0},"end":{"line":3,"column":66}},"3":{"start":{"line":12,"column":7},"end":{"line":44,"column":null}},"4":{"start":{"line":14,"column":21},"end":{"line":14,"column":39}},"5":{"start":{"line":15,"column":21},"end":{"line":15,"column":38}},"6":{"start":{"line":20,"column":4},"end":{"line":20,"column":54}},"7":{"start":{"line":28,"column":4},"end":{"line":28,"column":70}},"8":{"start":{"line":33,"column":17},"end":{"line":41,"column":12}},"9":{"start":{"line":42,"column":4},"end":{"line":42,"column":27}},"10":{"start":{"line":12,"column":13},"end":{"line":12,"column":27}},"11":{"start":{"line":19,"column":2},"end":{"line":21,"column":null}},"12":{"start":{"line":24,"column":2},"end":{"line":29,"column":null}},"13":{"start":{"line":32,"column":2},"end":{"line":43,"column":null}},"14":{"start":{"line":12,"column":13},"end":{"line":44,"column":null}}},"fnMap":{"0":{"name":"(anonymous_4)","decl":{"start":{"line":13,"column":2},"end":{"line":13,"column":null}},"loc":{"start":{"line":15,"column":53},"end":{"line":16,"column":6}}},"1":{"name":"(anonymous_5)","decl":{"start":{"line":19,"column":2},"end":{"line":19,"column":13}},"loc":{"start":{"line":19,"column":46},"end":{"line":21,"column":3}}},"2":{"name":"(anonymous_6)","decl":{"start":{"line":24,"column":2},"end":{"line":24,"column":11}},"loc":{"start":{"line":26,"column":43},"end":{"line":29,"column":3}}},"3":{"name":"(anonymous_7)","decl":{"start":{"line":32,"column":2},"end":{"line":32,"column":13}},"loc":{"start":{"line":32,"column":13},"end":{"line":43,"column":3}}}},"branchMap":{"0":{"loc":{"start":{"line":14,"column":39},"end":{"line":14,"column":null}},"type":"cond-expr","locations":[{"start":{"line":14,"column":55},"end":{"line":14,"column":null}},{"start":{"line":14,"column":55},"end":{"line":14,"column":null}}]},"1":{"loc":{"start":{"line":14,"column":39},"end":{"line":14,"column":55}},"type":"binary-expr","locations":[{"start":{"line":14,"column":39},"end":{"line":14,"column":null}},{"start":{"line":14,"column":39},"end":{"line":14,"column":55}}]},"2":{"loc":{"start":{"line":14,"column":55},"end":{"line":15,"column":null}},"type":"cond-expr","locations":[{"start":{"line":15,"column":53},"end":{"line":15,"column":null}},{"start":{"line":15,"column":53},"end":{"line":15,"column":null}}]},"3":{"loc":{"start":{"line":14,"column":55},"end":{"line":15,"column":53}},"type":"binary-expr","locations":[{"start":{"line":14,"column":55},"end":{"line":15,"column":null}},{"start":{"line":15,"column":38},"end":{"line":15,"column":53}}]}},"s":{"0":0,"1":0,"2":0,"3":0,"4":0,"5":0,"6":0,"7":0,"8":0,"9":0,"10":0,"11":0,"12":0,"13":0,"14":0},"f":{"0":0,"1":0,"2":0,"3":0},"b":{"0":[0,0],"1":[0,0],"2":[0,0],"3":[0,0]}}
,"/home/danii/myProjects/challenges/example-hr/src/modules/hcm-sync/controllers/webhook.controller.ts": {"path":"/home/danii/myProjects/challenges/example-hr/src/modules/hcm-sync/controllers/webhook.controller.ts","statementMap":{"0":{"start":{"line":1,"column":0},"end":{"line":1,"column":56}},"1":{"start":{"line":2,"column":0},"end":{"line":2,"column":72}},"2":{"start":{"line":6,"column":7},"end":{"line":13,"column":null}},"3":{"start":{"line":7,"column":31},"end":{"line":7,"column":52}},"4":{"start":{"line":11,"column":4},"end":{"line":11,"column":64}},"5":{"start":{"line":6,"column":13},"end":{"line":6,"column":30}},"6":{"start":{"line":10,"column":2},"end":{"line":12,"column":null}},"7":{"start":{"line":6,"column":13},"end":{"line":13,"column":null}}},"fnMap":{"0":{"name":"(anonymous_4)","decl":{"start":{"line":7,"column":2},"end":{"line":7,"column":31}},"loc":{"start":{"line":7,"column":71},"end":{"line":7,"column":75}}},"1":{"name":"(anonymous_5)","decl":{"start":{"line":10,"column":2},"end":{"line":10,"column":8}},"loc":{"start":{"line":10,"column":44},"end":{"line":12,"column":3}}}},"branchMap":{"0":{"loc":{"start":{"line":7,"column":52},"end":{"line":7,"column":74}},"type":"cond-expr","locations":[{"start":{"line":7,"column":71},"end":{"line":7,"column":74}},{"start":{"line":7,"column":71},"end":{"line":7,"column":74}}]},"1":{"loc":{"start":{"line":7,"column":52},"end":{"line":7,"column":71}},"type":"binary-expr","locations":[{"start":{"line":7,"column":52},"end":{"line":7,"column":74}},{"start":{"line":7,"column":52},"end":{"line":7,"column":71}}]}},"s":{"0":0,"1":0,"2":0,"3":0,"4":0,"5":0,"6":0,"7":0},"f":{"0":0,"1":0},"b":{"0":[0,0],"1":[0,0]}}
,"/home/danii/myProjects/challenges/example-hr/src/modules/hcm-sync/services/batch-sync.service.ts": {"path":"/home/danii/myProjects/challenges/example-hr/src/modules/hcm-sync/services/batch-sync.service.ts","statementMap":{"0":{"start":{"line":1,"column":0},"end":{"line":1,"column":44}},"1":{"start":{"line":2,"column":0},"end":{"line":2,"column":63}},"2":{"start":{"line":3,"column":0},"end":{"line":3,"column":71}},"3":{"start":{"line":4,"column":0},"end":{"line":4,"column":72}},"4":{"start":{"line":5,"column":0},"end":{"line":5,"column":76}},"5":{"start":{"line":6,"column":0},"end":{"line":6,"column":78}},"6":{"start":{"line":7,"column":0},"end":{"line":7,"column":60}},"7":{"start":{"line":8,"column":0},"end":{"line":8,"column":95}},"8":{"start":{"line":9,"column":0},"end":{"line":9,"column":50}},"9":{"start":{"line":25,"column":29},"end":{"line":260,"column":null}},"10":{"start":{"line":27,"column":21},"end":{"line":27,"column":38}},"11":{"start":{"line":28,"column":21},"end":{"line":28,"column":41}},"12":{"start":{"line":29,"column":21},"end":{"line":29,"column":32}},"13":{"start":{"line":30,"column":21},"end":{"line":30,"column":41}},"14":{"start":{"line":31,"column":21},"end":{"line":31,"column":37}},"15":{"start":{"line":32,"column":21},"end":{"line":32,"column":32}},"16":{"start":{"line":36,"column":4},"end":{"line":41,"column":5}},"17":{"start":{"line":37,"column":6},"end":{"line":40,"column":8}},"18":{"start":{"line":43,"column":24},"end":{"line":48,"column":null}},"19":{"start":{"line":52,"column":4},"end":{"line":61,"column":5}},"20":{"start":{"line":53,"column":6},"end":{"line":60,"column":8}},"21":{"start":{"line":64,"column":6},"end":{"line":64,"column":74}},"22":{"start":{"line":65,"column":16},"end":{"line":65,"column":40}},"23":{"start":{"line":67,"column":4},"end":{"line":83,"column":8}},"24":{"start":{"line":86,"column":6},"end":{"line":90,"column":20}},"25":{"start":{"line":92,"column":19},"end":{"line":92,"column":20}},"26":{"start":{"line":93,"column":18},"end":{"line":93,"column":19}},"27":{"start":{"line":94,"column":20},"end":{"line":94,"column":21}},"28":{"start":{"line":95,"column":19},"end":{"line":95,"column":20}},"29":{"start":{"line":97,"column":4},"end":{"line":169,"column":5}},"30":{"start":{"line":97,"column":17},"end":{"line":97,"column":24}},"31":{"start":{"line":98,"column":20},"end":{"line":98,"column":60}},"32":{"start":{"line":100,"column":6},"end":{"line":147,"column":7}},"33":{"start":{"line":101,"column":8},"end":{"line":120,"column":9}},"34":{"start":{"line":107,"column":10},"end":{"line":107,"column":24}},"35":{"start":{"line":108,"column":10},"end":{"line":118,"column":14}},"36":{"start":{"line":119,"column":10},"end":{"line":119,"column":19}},"37":{"start":{"line":122,"column":25},"end":{"line":124,"column":null}},"38":{"start":{"line":126,"column":8},"end":{"line":134,"column":9}},"39":{"start":{"line":127,"column":10},"end":{"line":131,"column":12}},"40":{"start":{"line":132,"column":10},"end":{"line":132,"column":24}},"41":{"start":{"line":133,"column":10},"end":{"line":133,"column":19}},"42":{"start":{"line":136,"column":8},"end":{"line":139,"column":9}},"43":{"start":{"line":137,"column":10},"end":{"line":137,"column":25}},"44":{"start":{"line":138,"column":10},"end":{"line":138,"column":19}},"45":{"start":{"line":141,"column":8},"end":{"line":145,"column":10}},"46":{"start":{"line":146,"column":8},"end":{"line":146,"column":21}},"47":{"start":{"line":149,"column":28},"end":{"line":149,"column":76}},"48":{"start":{"line":150,"column":6},"end":{"line":155,"column":69}},"49":{"start":{"line":157,"column":6},"end":{"line":168,"column":10}},"50":{"start":{"line":171,"column":4},"end":{"line":176,"column":52}},"51":{"start":{"line":178,"column":4},"end":{"line":185,"column":6}},"52":{"start":{"line":189,"column":4},"end":{"line":194,"column":5}},"53":{"start":{"line":190,"column":6},"end":{"line":193,"column":8}},"54":{"start":{"line":196,"column":18},"end":{"line":196,"column":69}},"55":{"start":{"line":197,"column":20},"end":{"line":197,"column":75}},"56":{"start":{"line":198,"column":4},"end":{"line":203,"column":5}},"57":{"start":{"line":199,"column":6},"end":{"line":202,"column":8}},"58":{"start":{"line":205,"column":4},"end":{"line":210,"column":5}},"59":{"start":{"line":206,"column":6},"end":{"line":209,"column":8}},"60":{"start":{"line":212,"column":20},"end":{"line":212,"column":61}},"61":{"start":{"line":213,"column":26},"end":{"line":213,"column":27}},"62":{"start":{"line":215,"column":4},"end":{"line":249,"column":5}},"63":{"start":{"line":216,"column":6},"end":{"line":216,"column":78}},"64":{"start":{"line":217,"column":6},"end":{"line":220,"column":8}},"65":{"start":{"line":222,"column":24},"end":{"line":222,"column":52}},"66":{"start":{"line":223,"column":20},"end":{"line":223,"column":46}},"67":{"start":{"line":224,"column":6},"end":{"line":237,"column":10}},"68":{"start":{"line":239,"column":6},"end":{"line":239,"column":60}},"69":{"start":{"line":241,"column":6},"end":{"line":248,"column":9}},"70":{"start":{"line":251,"column":4},"end":{"line":258,"column":6}},"71":{"start":{"line":25,"column":13},"end":{"line":25,"column":29}},"72":{"start":{"line":25,"column":13},"end":{"line":260,"column":null}}},"fnMap":{"0":{"name":"(anonymous_2)","decl":{"start":{"line":26,"column":2},"end":{"line":26,"column":null}},"loc":{"start":{"line":32,"column":41},"end":{"line":33,"column":6}}},"1":{"name":"(anonymous_3)","decl":{"start":{"line":35,"column":2},"end":{"line":35,"column":13}},"loc":{"start":{"line":35,"column":35},"end":{"line":186,"column":3}}},"2":{"name":"(anonymous_4)","decl":{"start":{"line":188,"column":2},"end":{"line":188,"column":7}},"loc":{"start":{"line":188,"column":59},"end":{"line":259,"column":3}}}},"branchMap":{"0":{"loc":{"start":{"line":36,"column":4},"end":{"line":41,"column":5}},"type":"if","locations":[{"start":{"line":36,"column":4},"end":{"line":41,"column":5}},{"start":{},"end":{}}]},"1":{"loc":{"start":{"line":36,"column":8},"end":{"line":36,"column":43}},"type":"binary-expr","locations":[{"start":{"line":36,"column":8},"end":{"line":36,"column":22}},{"start":{"line":36,"column":26},"end":{"line":36,"column":43}}]},"2":{"loc":{"start":{"line":52,"column":4},"end":{"line":61,"column":5}},"type":"if","locations":[{"start":{"line":52,"column":4},"end":{"line":61,"column":5}},{"start":{},"end":{}}]},"3":{"loc":{"start":{"line":52,"column":8},"end":{"line":52,"column":64}},"type":"binary-expr","locations":[{"start":{"line":52,"column":8},"end":{"line":52,"column":19}},{"start":{"line":52,"column":23},"end":{"line":52,"column":64}}]},"4":{"loc":{"start":{"line":64,"column":6},"end":{"line":64,"column":74}},"type":"cond-expr","locations":[{"start":{"line":64,"column":51},"end":{"line":64,"column":68}},{"start":{"line":64,"column":71},"end":{"line":64,"column":74}}]},"5":{"loc":{"start":{"line":64,"column":6},"end":{"line":64,"column":48}},"type":"binary-expr","locations":[{"start":{"line":64,"column":6},"end":{"line":64,"column":23}},{"start":{"line":64,"column":27},"end":{"line":64,"column":48}}]},"6":{"loc":{"start":{"line":101,"column":8},"end":{"line":120,"column":9}},"type":"if","locations":[{"start":{"line":101,"column":8},"end":{"line":120,"column":9}},{"start":{},"end":{}}]},"7":{"loc":{"start":{"line":102,"column":10},"end":{"line":105,"column":22}},"type":"binary-expr","locations":[{"start":{"line":102,"column":10},"end":{"line":102,"column":25}},{"start":{"line":103,"column":10},"end":{"line":103,"column":25}},{"start":{"line":104,"column":10},"end":{"line":104,"column":36}},{"start":{"line":105,"column":10},"end":{"line":105,"column":22}}]},"8":{"loc":{"start":{"line":126,"column":8},"end":{"line":134,"column":9}},"type":"if","locations":[{"start":{"line":126,"column":8},"end":{"line":134,"column":9}},{"start":{},"end":{}}]},"9":{"loc":{"start":{"line":136,"column":8},"end":{"line":139,"column":9}},"type":"if","locations":[{"start":{"line":136,"column":8},"end":{"line":139,"column":9}},{"start":{},"end":{}}]},"10":{"loc":{"start":{"line":189,"column":4},"end":{"line":194,"column":5}},"type":"if","locations":[{"start":{"line":189,"column":4},"end":{"line":194,"column":5}},{"start":{},"end":{}}]},"11":{"loc":{"start":{"line":189,"column":8},"end":{"line":189,"column":34}},"type":"binary-expr","locations":[{"start":{"line":189,"column":8},"end":{"line":189,"column":19}},{"start":{"line":189,"column":23},"end":{"line":189,"column":34}}]},"12":{"loc":{"start":{"line":198,"column":4},"end":{"line":203,"column":5}},"type":"if","locations":[{"start":{"line":198,"column":4},"end":{"line":203,"column":5}},{"start":{},"end":{}}]},"13":{"loc":{"start":{"line":205,"column":4},"end":{"line":210,"column":5}},"type":"if","locations":[{"start":{"line":205,"column":4},"end":{"line":210,"column":5}},{"start":{},"end":{}}]},"14":{"loc":{"start":{"line":212,"column":20},"end":{"line":212,"column":61}},"type":"binary-expr","locations":[{"start":{"line":212,"column":20},"end":{"line":212,"column":26}},{"start":{"line":212,"column":30},"end":{"line":212,"column":61}}]},"15":{"loc":{"start":{"line":215,"column":4},"end":{"line":249,"column":5}},"type":"if","locations":[{"start":{"line":215,"column":4},"end":{"line":249,"column":5}},{"start":{},"end":{}}]},"16":{"loc":{"start":{"line":222,"column":24},"end":{"line":222,"column":52}},"type":"binary-expr","locations":[{"start":{"line":222,"column":24},"end":{"line":222,"column":44}},{"start":{"line":222,"column":48},"end":{"line":222,"column":52}}]},"17":{"loc":{"start":{"line":223,"column":31},"end":{"line":223,"column":45}},"type":"binary-expr","locations":[{"start":{"line":223,"column":31},"end":{"line":223,"column":40}},{"start":{"line":223,"column":44},"end":{"line":223,"column":45}}]},"18":{"loc":{"start":{"line":254,"column":17},"end":{"line":254,"column":45}},"type":"binary-expr","locations":[{"start":{"line":254,"column":17},"end":{"line":254,"column":37}},{"start":{"line":254,"column":41},"end":{"line":254,"column":45}}]},"19":{"loc":{"start":{"line":27,"column":38},"end":{"line":27,"column":null}},"type":"cond-expr","locations":[{"start":{"line":27,"column":53},"end":{"line":27,"column":null}},{"start":{"line":27,"column":53},"end":{"line":27,"column":null}}]},"20":{"loc":{"start":{"line":27,"column":38},"end":{"line":27,"column":53}},"type":"binary-expr","locations":[{"start":{"line":27,"column":38},"end":{"line":27,"column":null}},{"start":{"line":27,"column":38},"end":{"line":27,"column":53}}]},"21":{"loc":{"start":{"line":27,"column":53},"end":{"line":28,"column":null}},"type":"cond-expr","locations":[{"start":{"line":28,"column":59},"end":{"line":28,"column":null}},{"start":{"line":28,"column":59},"end":{"line":28,"column":null}}]},"22":{"loc":{"start":{"line":27,"column":53},"end":{"line":28,"column":59}},"type":"binary-expr","locations":[{"start":{"line":27,"column":53},"end":{"line":28,"column":null}},{"start":{"line":28,"column":41},"end":{"line":28,"column":59}}]},"23":{"loc":{"start":{"line":28,"column":59},"end":{"line":29,"column":null}},"type":"cond-expr","locations":[{"start":{"line":29,"column":41},"end":{"line":29,"column":null}},{"start":{"line":29,"column":41},"end":{"line":29,"column":null}}]},"24":{"loc":{"start":{"line":28,"column":59},"end":{"line":29,"column":41}},"type":"binary-expr","locations":[{"start":{"line":28,"column":59},"end":{"line":29,"column":null}},{"start":{"line":29,"column":32},"end":{"line":29,"column":41}}]},"25":{"loc":{"start":{"line":29,"column":41},"end":{"line":30,"column":null}},"type":"cond-expr","locations":[{"start":{"line":30,"column":66},"end":{"line":30,"column":null}},{"start":{"line":30,"column":66},"end":{"line":30,"column":null}}]},"26":{"loc":{"start":{"line":29,"column":41},"end":{"line":30,"column":66}},"type":"binary-expr","locations":[{"start":{"line":29,"column":41},"end":{"line":30,"column":null}},{"start":{"line":30,"column":41},"end":{"line":30,"column":66}}]},"27":{"loc":{"start":{"line":30,"column":66},"end":{"line":31,"column":null}},"type":"cond-expr","locations":[{"start":{"line":31,"column":51},"end":{"line":31,"column":null}},{"start":{"line":31,"column":51},"end":{"line":31,"column":null}}]},"28":{"loc":{"start":{"line":30,"column":66},"end":{"line":31,"column":51}},"type":"binary-expr","locations":[{"start":{"line":30,"column":66},"end":{"line":31,"column":null}},{"start":{"line":31,"column":37},"end":{"line":31,"column":51}}]},"29":{"loc":{"start":{"line":31,"column":51},"end":{"line":32,"column":null}},"type":"cond-expr","locations":[{"start":{"line":32,"column":41},"end":{"line":32,"column":null}},{"start":{"line":32,"column":41},"end":{"line":32,"column":null}}]},"30":{"loc":{"start":{"line":31,"column":51},"end":{"line":32,"column":41}},"type":"binary-expr","locations":[{"start":{"line":31,"column":51},"end":{"line":32,"column":null}},{"start":{"line":32,"column":32},"end":{"line":32,"column":41}}]}},"s":{"0":1,"1":1,"2":1,"3":1,"4":1,"5":1,"6":1,"7":1,"8":1,"9":1,"10":4,"11":4,"12":4,"13":4,"14":4,"15":4,"16":3,"17":0,"18":3,"19":3,"20":1,"21":2,"22":2,"23":2,"24":2,"25":2,"26":2,"27":2,"28":2,"29":2,"30":2,"31":2,"32":2,"33":5,"34":1,"35":1,"36":1,"37":4,"38":4,"39":2,"40":2,"41":2,"42":2,"43":1,"44":1,"45":1,"46":1,"47":2,"48":2,"49":2,"50":2,"51":2,"52":2,"53":0,"54":2,"55":2,"56":2,"57":1,"58":1,"59":0,"60":1,"61":1,"62":1,"63":1,"64":1,"65":1,"66":1,"67":1,"68":1,"69":1,"70":1,"71":1,"72":1},"f":{"0":4,"1":3,"2":2},"b":{"0":[0,3],"1":[3,3],"2":[1,2],"3":[3,1],"4":[0,2],"5":[2,0],"6":[1,4],"7":[5,4,4,4],"8":[2,2],"9":[1,1],"10":[0,2],"11":[2,2],"12":[1,1],"13":[0,1],"14":[1,1],"15":[1,0],"16":[1,0],"17":[1,0],"18":[1,0],"19":[1,0],"20":[1,1],"21":[1,0],"22":[1,1],"23":[1,0],"24":[1,1],"25":[1,0],"26":[1,1],"27":[1,0],"28":[1,1],"29":[1,0],"30":[1,1]}}
,"/home/danii/myProjects/challenges/example-hr/src/modules/hcm-sync/services/realtime-sync.service.ts": {"path":"/home/danii/myProjects/challenges/example-hr/src/modules/hcm-sync/services/realtime-sync.service.ts","statementMap":{"0":{"start":{"line":1,"column":0},"end":{"line":1,"column":44}},"1":{"start":{"line":2,"column":0},"end":{"line":2,"column":36}},"2":{"start":{"line":3,"column":0},"end":{"line":3,"column":71}},"3":{"start":{"line":4,"column":0},"end":{"line":4,"column":72}},"4":{"start":{"line":5,"column":0},"end":{"line":5,"column":60}},"5":{"start":{"line":6,"column":0},"end":{"line":6,"column":70}},"6":{"start":{"line":17,"column":7},"end":{"line":71,"column":null}},"7":{"start":{"line":18,"column":31},"end":{"line":18,"column":51}},"8":{"start":{"line":21,"column":4},"end":{"line":26,"column":5}},"9":{"start":{"line":22,"column":6},"end":{"line":25,"column":8}},"10":{"start":{"line":28,"column":24},"end":{"line":28,"column":45}},"11":{"start":{"line":29,"column":25},"end":{"line":31,"column":null}},"12":{"start":{"line":34,"column":4},"end":{"line":42,"column":5}},"13":{"start":{"line":35,"column":6},"end":{"line":41,"column":8}},"14":{"start":{"line":45,"column":6},"end":{"line":54,"column":null}},"15":{"start":{"line":57,"column":4},"end":{"line":67,"column":7}},"16":{"start":{"line":69,"column":4},"end":{"line":69,"column":39}},"17":{"start":{"line":17,"column":13},"end":{"line":17,"column":32}},"18":{"start":{"line":17,"column":13},"end":{"line":71,"column":null}}},"fnMap":{"0":{"name":"(anonymous_2)","decl":{"start":{"line":18,"column":2},"end":{"line":18,"column":31}},"loc":{"start":{"line":18,"column":69},"end":{"line":18,"column":73}}},"1":{"name":"(anonymous_3)","decl":{"start":{"line":20,"column":2},"end":{"line":20,"column":22}},"loc":{"start":{"line":20,"column":50},"end":{"line":70,"column":3}}}},"branchMap":{"0":{"loc":{"start":{"line":21,"column":4},"end":{"line":26,"column":5}},"type":"if","locations":[{"start":{"line":21,"column":4},"end":{"line":26,"column":5}},{"start":{},"end":{}}]},"1":{"loc":{"start":{"line":21,"column":8},"end":{"line":21,"column":72}},"type":"binary-expr","locations":[{"start":{"line":21,"column":8},"end":{"line":21,"column":30}},{"start":{"line":21,"column":34},"end":{"line":21,"column":51}},{"start":{"line":21,"column":55},"end":{"line":21,"column":72}}]},"2":{"loc":{"start":{"line":34,"column":4},"end":{"line":42,"column":5}},"type":"if","locations":[{"start":{"line":34,"column":4},"end":{"line":42,"column":5}},{"start":{},"end":{}}]},"3":{"loc":{"start":{"line":45,"column":6},"end":{"line":54,"column":null}},"type":"cond-expr","locations":[{"start":{"line":46,"column":10},"end":{"line":49,"column":null}},{"start":{"line":51,"column":10},"end":{"line":54,"column":null}}]},"4":{"loc":{"start":{"line":61,"column":8},"end":{"line":63,"column":46}},"type":"cond-expr","locations":[{"start":{"line":62,"column":12},"end":{"line":62,"column":49}},{"start":{"line":63,"column":12},"end":{"line":63,"column":46}}]},"5":{"loc":{"start":{"line":18,"column":51},"end":{"line":18,"column":72}},"type":"cond-expr","locations":[{"start":{"line":18,"column":69},"end":{"line":18,"column":72}},{"start":{"line":18,"column":69},"end":{"line":18,"column":72}}]},"6":{"loc":{"start":{"line":18,"column":51},"end":{"line":18,"column":69}},"type":"binary-expr","locations":[{"start":{"line":18,"column":51},"end":{"line":18,"column":72}},{"start":{"line":18,"column":51},"end":{"line":18,"column":69}}]}},"s":{"0":1,"1":1,"2":1,"3":1,"4":1,"5":1,"6":1,"7":2,"8":3,"9":0,"10":3,"11":3,"12":3,"13":1,"14":2,"15":2,"16":2,"17":1,"18":1},"f":{"0":2,"1":3},"b":{"0":[0,3],"1":[3,3,3],"2":[1,2],"3":[2,0],"4":[2,0],"5":[1,0],"6":[1,1]}}
,"/home/danii/myProjects/challenges/example-hr/src/modules/hcm-sync/workers/outbound-sync.worker.ts": {"path":"/home/danii/myProjects/challenges/example-hr/src/modules/hcm-sync/workers/outbound-sync.worker.ts","statementMap":{"0":{"start":{"line":1,"column":0},"end":{"line":1,"column":44}},"1":{"start":{"line":2,"column":0},"end":{"line":2,"column":63}},"2":{"start":{"line":3,"column":0},"end":{"line":3,"column":76}},"3":{"start":{"line":4,"column":0},"end":{"line":4,"column":78}},"4":{"start":{"line":5,"column":0},"end":{"line":5,"column":69}},"5":{"start":{"line":6,"column":0},"end":{"line":6,"column":95}},"6":{"start":{"line":7,"column":0},"end":{"line":7,"column":50}},"7":{"start":{"line":10,"column":31},"end":{"line":103,"column":null}},"8":{"start":{"line":12,"column":21},"end":{"line":12,"column":41}},"9":{"start":{"line":13,"column":21},"end":{"line":13,"column":32}},"10":{"start":{"line":14,"column":21},"end":{"line":14,"column":36}},"11":{"start":{"line":15,"column":21},"end":{"line":15,"column":37}},"12":{"start":{"line":16,"column":21},"end":{"line":16,"column":32}},"13":{"start":{"line":20,"column":16},"end":{"line":20,"column":72}},"14":{"start":{"line":21,"column":20},"end":{"line":21,"column":21}},"15":{"start":{"line":23,"column":4},"end":{"line":92,"column":5}},"16":{"start":{"line":24,"column":22},"end":{"line":24,"column":null}},"17":{"start":{"line":31,"column":6},"end":{"line":91,"column":8}},"18":{"start":{"line":39,"column":28},"end":{"line":39,"column":38}},"19":{"start":{"line":40,"column":10},"end":{"line":89,"column":11}},"20":{"start":{"line":41,"column":12},"end":{"line":45,"column":15}},"21":{"start":{"line":46,"column":12},"end":{"line":46,"column":72}},"22":{"start":{"line":47,"column":12},"end":{"line":47,"column":66}},"23":{"start":{"line":48,"column":12},"end":{"line":48,"column":27}},"24":{"start":{"line":50,"column":12},"end":{"line":53,"column":14}},"25":{"start":{"line":55,"column":12},"end":{"line":59,"column":15}},"26":{"start":{"line":61,"column":12},"end":{"line":61,"column":63}},"27":{"start":{"line":63,"column":24},"end":{"line":63,"column":58}},"28":{"start":{"line":64,"column":30},"end":{"line":64,"column":54}},"29":{"start":{"line":65,"column":12},"end":{"line":71,"column":15}},"30":{"start":{"line":73,"column":12},"end":{"line":88,"column":13}},"31":{"start":{"line":77,"column":14},"end":{"line":82,"column":16}},"32":{"start":{"line":84,"column":14},"end":{"line":84,"column":81}},"33":{"start":{"line":85,"column":14},"end":{"line":87,"column":16}},"34":{"start":{"line":94,"column":4},"end":{"line":94,"column":25}},"35":{"start":{"line":98,"column":19},"end":{"line":98,"column":22}},"36":{"start":{"line":99,"column":19},"end":{"line":99,"column":50}},"37":{"start":{"line":100,"column":18},"end":{"line":100,"column":66}},"38":{"start":{"line":101,"column":4},"end":{"line":101,"column":54}},"39":{"start":{"line":10,"column":13},"end":{"line":10,"column":31}},"40":{"start":{"line":10,"column":13},"end":{"line":103,"column":null}}},"fnMap":{"0":{"name":"(anonymous_2)","decl":{"start":{"line":11,"column":2},"end":{"line":11,"column":null}},"loc":{"start":{"line":16,"column":41},"end":{"line":17,"column":6}}},"1":{"name":"(anonymous_3)","decl":{"start":{"line":19,"column":2},"end":{"line":19,"column":7}},"loc":{"start":{"line":19,"column":35},"end":{"line":95,"column":3}}},"2":{"name":"(anonymous_4)","decl":{"start":{"line":38,"column":8},"end":{"line":38,"column":13}},"loc":{"start":{"line":38,"column":19},"end":{"line":90,"column":9}}},"3":{"name":"(anonymous_5)","decl":{"start":{"line":97,"column":10},"end":{"line":97,"column":31}},"loc":{"start":{"line":97,"column":47},"end":{"line":102,"column":3}}}},"branchMap":{"0":{"loc":{"start":{"line":19,"column":25},"end":{"line":19,"column":35}},"type":"default-arg","locations":[{"start":{"line":19,"column":33},"end":{"line":19,"column":35}}]},"1":{"loc":{"start":{"line":34,"column":12},"end":{"line":34,"column":75}},"type":"binary-expr","locations":[{"start":{"line":34,"column":12},"end":{"line":34,"column":40}},{"start":{"line":34,"column":44},"end":{"line":34,"column":75}}]},"2":{"loc":{"start":{"line":35,"column":21},"end":{"line":35,"column":73}},"type":"binary-expr","locations":[{"start":{"line":35,"column":21},"end":{"line":35,"column":45}},{"start":{"line":35,"column":49},"end":{"line":35,"column":73}}]},"3":{"loc":{"start":{"line":73,"column":12},"end":{"line":88,"column":13}},"type":"if","locations":[{"start":{"line":73,"column":12},"end":{"line":88,"column":13}},{"start":{"line":83,"column":19},"end":{"line":88,"column":13}}]},"4":{"loc":{"start":{"line":74,"column":14},"end":{"line":75,"column":73}},"type":"binary-expr","locations":[{"start":{"line":74,"column":14},"end":{"line":74,"column":23}},{"start":{"line":75,"column":14},"end":{"line":75,"column":73}}]},"5":{"loc":{"start":{"line":12,"column":41},"end":{"line":12,"column":null}},"type":"cond-expr","locations":[{"start":{"line":12,"column":66},"end":{"line":12,"column":null}},{"start":{"line":12,"column":66},"end":{"line":12,"column":null}}]},"6":{"loc":{"start":{"line":12,"column":41},"end":{"line":12,"column":66}},"type":"binary-expr","locations":[{"start":{"line":12,"column":41},"end":{"line":12,"column":null}},{"start":{"line":12,"column":41},"end":{"line":12,"column":66}}]},"7":{"loc":{"start":{"line":12,"column":66},"end":{"line":13,"column":null}},"type":"cond-expr","locations":[{"start":{"line":13,"column":41},"end":{"line":13,"column":null}},{"start":{"line":13,"column":41},"end":{"line":13,"column":null}}]},"8":{"loc":{"start":{"line":12,"column":66},"end":{"line":13,"column":41}},"type":"binary-expr","locations":[{"start":{"line":12,"column":66},"end":{"line":13,"column":null}},{"start":{"line":13,"column":32},"end":{"line":13,"column":41}}]},"9":{"loc":{"start":{"line":13,"column":41},"end":{"line":14,"column":null}},"type":"cond-expr","locations":[{"start":{"line":14,"column":49},"end":{"line":14,"column":null}},{"start":{"line":14,"column":49},"end":{"line":14,"column":null}}]},"10":{"loc":{"start":{"line":13,"column":41},"end":{"line":14,"column":49}},"type":"binary-expr","locations":[{"start":{"line":13,"column":41},"end":{"line":14,"column":null}},{"start":{"line":14,"column":36},"end":{"line":14,"column":49}}]},"11":{"loc":{"start":{"line":14,"column":49},"end":{"line":15,"column":null}},"type":"cond-expr","locations":[{"start":{"line":15,"column":51},"end":{"line":15,"column":null}},{"start":{"line":15,"column":51},"end":{"line":15,"column":null}}]},"12":{"loc":{"start":{"line":14,"column":49},"end":{"line":15,"column":51}},"type":"binary-expr","locations":[{"start":{"line":14,"column":49},"end":{"line":15,"column":null}},{"start":{"line":15,"column":37},"end":{"line":15,"column":51}}]},"13":{"loc":{"start":{"line":15,"column":51},"end":{"line":16,"column":null}},"type":"cond-expr","locations":[{"start":{"line":16,"column":41},"end":{"line":16,"column":null}},{"start":{"line":16,"column":41},"end":{"line":16,"column":null}}]},"14":{"loc":{"start":{"line":15,"column":51},"end":{"line":16,"column":41}},"type":"binary-expr","locations":[{"start":{"line":15,"column":51},"end":{"line":16,"column":null}},{"start":{"line":16,"column":32},"end":{"line":16,"column":41}}]}},"s":{"0":1,"1":1,"2":1,"3":1,"4":1,"5":1,"6":1,"7":1,"8":3,"9":3,"10":3,"11":3,"12":3,"13":3,"14":3,"15":3,"16":3,"17":3,"18":3,"19":3,"20":3,"21":1,"22":1,"23":1,"24":1,"25":1,"26":2,"27":2,"28":2,"29":2,"30":2,"31":1,"32":1,"33":1,"34":3,"35":1,"36":1,"37":1,"38":1,"39":1,"40":1},"f":{"0":3,"1":3,"2":3,"3":1},"b":{"0":[3],"1":[3,3],"2":[3,3],"3":[1,1],"4":[2,1],"5":[1,0],"6":[1,1],"7":[1,0],"8":[1,1],"9":[1,0],"10":[1,1],"11":[1,0],"12":[1,1],"13":[1,0],"14":[1,1]}}
,"/home/danii/myProjects/challenges/example-hr/src/modules/idempotency/fingerprint.ts": {"path":"/home/danii/myProjects/challenges/example-hr/src/modules/idempotency/fingerprint.ts","statementMap":{"0":{"start":{"line":19,"column":0},"end":{"line":19,"column":16}},"1":{"start":{"line":2,"column":2},"end":{"line":4,"column":3}},"2":{"start":{"line":3,"column":4},"end":{"line":3,"column":51}},"3":{"start":{"line":3,"column":31},"end":{"line":3,"column":49}},"4":{"start":{"line":6,"column":2},"end":{"line":14,"column":3}},"5":{"start":{"line":7,"column":18},"end":{"line":7,"column":50}},"6":{"start":{"line":8,"column":17},"end":{"line":8,"column":42}},"7":{"start":{"line":9,"column":41},"end":{"line":9,"column":43}},"8":{"start":{"line":10,"column":4},"end":{"line":12,"column":5}},"9":{"start":{"line":11,"column":6},"end":{"line":11,"column":42}},"10":{"start":{"line":13,"column":4},"end":{"line":13,"column":15}},"11":{"start":{"line":16,"column":2},"end":{"line":16,"column":15}},"12":{"start":{"line":20,"column":2},"end":{"line":20,"column":47}}},"fnMap":{"0":{"name":"canonicalize","decl":{"start":{"line":1,"column":9},"end":{"line":1,"column":21}},"loc":{"start":{"line":1,"column":36},"end":{"line":17,"column":1}}},"1":{"name":"(anonymous_1)","decl":{"start":{"line":3,"column":21},"end":{"line":3,"column":22}},"loc":{"start":{"line":3,"column":31},"end":{"line":3,"column":49}}},"2":{"name":"canonicalFingerprint","decl":{"start":{"line":19,"column":16},"end":{"line":19,"column":36}},"loc":{"start":{"line":19,"column":53},"end":{"line":21,"column":1}}}},"branchMap":{"0":{"loc":{"start":{"line":2,"column":2},"end":{"line":4,"column":3}},"type":"if","locations":[{"start":{"line":2,"column":2},"end":{"line":4,"column":3}},{"start":{},"end":{}}]},"1":{"loc":{"start":{"line":6,"column":2},"end":{"line":14,"column":3}},"type":"if","locations":[{"start":{"line":6,"column":2},"end":{"line":14,"column":3}},{"start":{},"end":{}}]},"2":{"loc":{"start":{"line":6,"column":6},"end":{"line":6,"column":40}},"type":"binary-expr","locations":[{"start":{"line":6,"column":6},"end":{"line":6,"column":11}},{"start":{"line":6,"column":15},"end":{"line":6,"column":40}}]}},"s":{"0":1,"1":10,"2":0,"3":0,"4":10,"5":4,"6":4,"7":4,"8":4,"9":8,"10":4,"11":6,"12":2},"f":{"0":10,"1":0,"2":2},"b":{"0":[0,10],"1":[4,6],"2":[10,10]}}
,"/home/danii/myProjects/challenges/example-hr/src/modules/idempotency/idempotency.interceptor.ts": {"path":"/home/danii/myProjects/challenges/example-hr/src/modules/idempotency/idempotency.interceptor.ts","statementMap":{"0":{"start":{"line":1,"column":0},"end":{"line":1,"column":null}},"1":{"start":{"line":7,"column":0},"end":{"line":7,"column":38}},"2":{"start":{"line":8,"column":0},"end":{"line":8,"column":37}},"3":{"start":{"line":9,"column":0},"end":{"line":9,"column":68}},"4":{"start":{"line":10,"column":0},"end":{"line":10,"column":57}},"5":{"start":{"line":11,"column":0},"end":{"line":11,"column":53}},"6":{"start":{"line":12,"column":0},"end":{"line":12,"column":59}},"7":{"start":{"line":15,"column":7},"end":{"line":68,"column":null}},"8":{"start":{"line":16,"column":31},"end":{"line":16,"column":51}},"9":{"start":{"line":19,"column":20},"end":{"line":19,"column":null}},"10":{"start":{"line":27,"column":21},"end":{"line":29,"column":44}},"11":{"start":{"line":31,"column":4},"end":{"line":33,"column":5}},"12":{"start":{"line":32,"column":6},"end":{"line":32,"column":27}},"13":{"start":{"line":35,"column":27},"end":{"line":35,"column":61}},"14":{"start":{"line":36,"column":4},"end":{"line":38,"column":5}},"15":{"start":{"line":37,"column":6},"end":{"line":37,"column":27}},"16":{"start":{"line":40,"column":24},"end":{"line":43,"column":6}},"17":{"start":{"line":44,"column":21},"end":{"line":44,"column":64}},"18":{"start":{"line":46,"column":4},"end":{"line":54,"column":5}},"19":{"start":{"line":47,"column":6},"end":{"line":52,"column":7}},"20":{"start":{"line":48,"column":8},"end":{"line":51,"column":10}},"21":{"start":{"line":53,"column":6},"end":{"line":53,"column":39}},"22":{"start":{"line":56,"column":4},"end":{"line":66,"column":6}},"23":{"start":{"line":58,"column":8},"end":{"line":64,"column":11}},"24":{"start":{"line":15,"column":13},"end":{"line":15,"column":35}},"25":{"start":{"line":15,"column":13},"end":{"line":68,"column":null}}},"fnMap":{"0":{"name":"(anonymous_2)","decl":{"start":{"line":16,"column":2},"end":{"line":16,"column":31}},"loc":{"start":{"line":16,"column":69},"end":{"line":16,"column":73}}},"1":{"name":"(anonymous_3)","decl":{"start":{"line":18,"column":2},"end":{"line":18,"column":11}},"loc":{"start":{"line":18,"column":56},"end":{"line":67,"column":3}}},"2":{"name":"(anonymous_4)","decl":{"start":{"line":57,"column":10},"end":{"line":57,"column":11}},"loc":{"start":{"line":57,"column":19},"end":{"line":65,"column":7}}}},"branchMap":{"0":{"loc":{"start":{"line":31,"column":4},"end":{"line":33,"column":5}},"type":"if","locations":[{"start":{"line":31,"column":4},"end":{"line":33,"column":5}},{"start":{},"end":{}}]},"1":{"loc":{"start":{"line":36,"column":4},"end":{"line":38,"column":5}},"type":"if","locations":[{"start":{"line":36,"column":4},"end":{"line":38,"column":5}},{"start":{},"end":{}}]},"2":{"loc":{"start":{"line":46,"column":4},"end":{"line":54,"column":5}},"type":"if","locations":[{"start":{"line":46,"column":4},"end":{"line":54,"column":5}},{"start":{},"end":{}}]},"3":{"loc":{"start":{"line":47,"column":6},"end":{"line":52,"column":7}},"type":"if","locations":[{"start":{"line":47,"column":6},"end":{"line":52,"column":7}},{"start":{},"end":{}}]},"4":{"loc":{"start":{"line":16,"column":51},"end":{"line":16,"column":72}},"type":"cond-expr","locations":[{"start":{"line":16,"column":69},"end":{"line":16,"column":72}},{"start":{"line":16,"column":69},"end":{"line":16,"column":72}}]},"5":{"loc":{"start":{"line":16,"column":51},"end":{"line":16,"column":69}},"type":"binary-expr","locations":[{"start":{"line":16,"column":51},"end":{"line":16,"column":72}},{"start":{"line":16,"column":51},"end":{"line":16,"column":69}}]}},"s":{"0":0,"1":0,"2":0,"3":0,"4":0,"5":0,"6":0,"7":0,"8":0,"9":0,"10":0,"11":0,"12":0,"13":0,"14":0,"15":0,"16":0,"17":0,"18":0,"19":0,"20":0,"21":0,"22":0,"23":0,"24":0,"25":0},"f":{"0":0,"1":0,"2":0},"b":{"0":[0,0],"1":[0,0],"2":[0,0],"3":[0,0],"4":[0,0],"5":[0,0]}}
,"/home/danii/myProjects/challenges/example-hr/src/modules/idempotency/idempotency.service.ts": {"path":"/home/danii/myProjects/challenges/example-hr/src/modules/idempotency/idempotency.service.ts","statementMap":{"0":{"start":{"line":1,"column":0},"end":{"line":1,"column":44}},"1":{"start":{"line":2,"column":0},"end":{"line":2,"column":60}},"2":{"start":{"line":3,"column":0},"end":{"line":3,"column":60}},"3":{"start":{"line":7,"column":7},"end":{"line":71,"column":null}},"4":{"start":{"line":9,"column":21},"end":{"line":9,"column":38}},"5":{"start":{"line":10,"column":21},"end":{"line":10,"column":36}},"6":{"start":{"line":14,"column":4},"end":{"line":14,"column":26}},"7":{"start":{"line":16,"column":16},"end":{"line":22,"column":null}},"8":{"start":{"line":32,"column":4},"end":{"line":32,"column":31}},"9":{"start":{"line":32,"column":14},"end":{"line":32,"column":31}},"10":{"start":{"line":34,"column":4},"end":{"line":40,"column":6}},"11":{"start":{"line":44,"column":22},"end":{"line":46,"column":19}},"12":{"start":{"line":48,"column":4},"end":{"line":62,"column":8}},"13":{"start":{"line":66,"column":4},"end":{"line":69,"column":37}},"14":{"start":{"line":7,"column":13},"end":{"line":7,"column":31}},"15":{"start":{"line":7,"column":13},"end":{"line":71,"column":null}}},"fnMap":{"0":{"name":"(anonymous_2)","decl":{"start":{"line":8,"column":2},"end":{"line":8,"column":null}},"loc":{"start":{"line":10,"column":49},"end":{"line":11,"column":6}}},"1":{"name":"(anonymous_3)","decl":{"start":{"line":13,"column":2},"end":{"line":13,"column":5}},"loc":{"start":{"line":13,"column":17},"end":{"line":41,"column":3}}},"2":{"name":"(anonymous_4)","decl":{"start":{"line":43,"column":2},"end":{"line":43,"column":5}},"loc":{"start":{"line":43,"column":31},"end":{"line":63,"column":3}}},"3":{"name":"(anonymous_5)","decl":{"start":{"line":65,"column":2},"end":{"line":65,"column":16}},"loc":{"start":{"line":65,"column":16},"end":{"line":70,"column":3}}}},"branchMap":{"0":{"loc":{"start":{"line":32,"column":4},"end":{"line":32,"column":31}},"type":"if","locations":[{"start":{"line":32,"column":4},"end":{"line":32,"column":31}},{"start":{},"end":{}}]},"1":{"loc":{"start":{"line":9,"column":38},"end":{"line":9,"column":null}},"type":"cond-expr","locations":[{"start":{"line":9,"column":53},"end":{"line":9,"column":null}},{"start":{"line":9,"column":53},"end":{"line":9,"column":null}}]},"2":{"loc":{"start":{"line":9,"column":38},"end":{"line":9,"column":53}},"type":"binary-expr","locations":[{"start":{"line":9,"column":38},"end":{"line":9,"column":null}},{"start":{"line":9,"column":38},"end":{"line":9,"column":53}}]},"3":{"loc":{"start":{"line":9,"column":53},"end":{"line":10,"column":null}},"type":"cond-expr","locations":[{"start":{"line":10,"column":49},"end":{"line":10,"column":null}},{"start":{"line":10,"column":49},"end":{"line":10,"column":null}}]},"4":{"loc":{"start":{"line":9,"column":53},"end":{"line":10,"column":49}},"type":"binary-expr","locations":[{"start":{"line":9,"column":53},"end":{"line":10,"column":null}},{"start":{"line":10,"column":36},"end":{"line":10,"column":49}}]}},"s":{"0":1,"1":1,"2":1,"3":1,"4":1,"5":1,"6":1,"7":1,"8":1,"9":1,"10":0,"11":1,"12":1,"13":1,"14":1,"15":1},"f":{"0":1,"1":1,"2":1,"3":1},"b":{"0":[1,0],"1":[1,0],"2":[1,1],"3":[1,0],"4":[1,1]}}
,"/home/danii/myProjects/challenges/example-hr/src/modules/observability/request-context.ts": {"path":"/home/danii/myProjects/challenges/example-hr/src/modules/observability/request-context.ts","statementMap":{"0":{"start":{"line":1,"column":0},"end":{"line":1,"column":48}},"1":{"start":{"line":9,"column":30},"end":{"line":9,"column":74}},"2":{"start":{"line":13,"column":4},"end":{"line":13,"column":50}},"3":{"start":{"line":17,"column":4},"end":{"line":17,"column":44}},"4":{"start":{"line":21,"column":20},"end":{"line":21,"column":52}},"5":{"start":{"line":22,"column":4},"end":{"line":22,"column":25}},"6":{"start":{"line":22,"column":18},"end":{"line":22,"column":25}},"7":{"start":{"line":24,"column":4},"end":{"line":27,"column":7}},"8":{"start":{"line":11,"column":0},"end":{"line":11,"column":13}}},"fnMap":{"0":{"name":"(anonymous_0)","decl":{"start":{"line":12,"column":2},"end":{"line":12,"column":8}},"loc":{"start":{"line":12,"column":57},"end":{"line":14,"column":3}}},"1":{"name":"(anonymous_1)","decl":{"start":{"line":16,"column":2},"end":{"line":16,"column":8}},"loc":{"start":{"line":16,"column":12},"end":{"line":18,"column":3}}},"2":{"name":"(anonymous_2)","decl":{"start":{"line":20,"column":2},"end":{"line":20,"column":8}},"loc":{"start":{"line":20,"column":51},"end":{"line":28,"column":3}}}},"branchMap":{"0":{"loc":{"start":{"line":22,"column":4},"end":{"line":22,"column":25}},"type":"if","locations":[{"start":{"line":22,"column":4},"end":{"line":22,"column":25}},{"start":{},"end":{}}]}},"s":{"0":4,"1":4,"2":3,"3":10,"4":0,"5":0,"6":0,"7":0,"8":4},"f":{"0":3,"1":10,"2":0},"b":{"0":[0,0]}}
[...]
4}},{"start":{"line":64,"column":28},"end":{"line":64,"column":37}}]},"4":{"loc":{"start":{"line":95,"column":14},"end":{"line":95,"column":37}},"type":"binary-expr","locations":[{"start":{"line":95,"column":14},"end":{"line":95,"column":24}},{"start":{"line":95,"column":28},"end":{"line":95,"column":37}}]},"5":{"loc":{"start":{"line":112,"column":8},"end":{"line":112,"column":30}},"type":"binary-expr","locations":[{"start":{"line":112,"column":8},"end":{"line":112,"column":22}},{"start":{"line":112,"column":26},"end":{"line":112,"column":30}}]},"6":{"loc":{"start":{"line":134,"column":8},"end":{"line":134,"column":27}},"type":"binary-expr","locations":[{"start":{"line":134,"column":8},"end":{"line":134,"column":19}},{"start":{"line":134,"column":23},"end":{"line":134,"column":27}}]},"7":{"loc":{"start":{"line":135,"column":8},"end":{"line":135,"column":31}},"type":"binary-expr","locations":[{"start":{"line":135,"column":8},"end":{"line":135,"column":23}},{"start":{"line":135,"column":27},"end":{"line":135,"column":31}}]},"8":{"loc":{"start":{"line":166,"column":13},"end":{"line":166,"column":35}},"type":"binary-expr","locations":[{"start":{"line":166,"column":13},"end":{"line":166,"column":22}},{"start":{"line":166,"column":26},"end":{"line":166,"column":35}}]},"9":{"loc":{"start":{"line":202,"column":13},"end":{"line":202,"column":35}},"type":"binary-expr","locations":[{"start":{"line":202,"column":13},"end":{"line":202,"column":22}},{"start":{"line":202,"column":26},"end":{"line":202,"column":35}}]},"10":{"loc":{"start":{"line":203,"column":17},"end":{"line":203,"column":44}},"type":"binary-expr","locations":[{"start":{"line":203,"column":17},"end":{"line":203,"column":31}},{"start":{"line":203,"column":35},"end":{"line":203,"column":44}}]},"11":{"loc":{"start":{"line":258,"column":4},"end":{"line":258,"column":25}},"type":"if","locations":[{"start":{"line":258,"column":4},"end":{"line":258,"column":25}},{"start":{},"end":{}}]},"12":{"loc":{"start":{"line":13,"column":48},"end":{"line":13,"column":66}},"type":"cond-expr","locations":[{"start":{"line":13,"column":63},"end":{"line":13,"column":66}},{"start":{"line":13,"column":63},"end":{"line":13,"column":66}}]},"13":{"loc":{"start":{"line":13,"column":48},"end":{"line":13,"column":63}},"type":"binary-expr","locations":[{"start":{"line":13,"column":48},"end":{"line":13,"column":66}},{"start":{"line":13,"column":48},"end":{"line":13,"column":63}}]}},"s":{"0":3,"1":3,"2":3,"3":11,"4":9,"5":9,"6":12,"7":12,"8":0,"9":12,"10":1,"11":1,"12":2,"13":6,"14":6,"15":6,"16":6,"17":1,"18":1,"19":1,"20":3,"21":3,"22":3,"23":3,"24":1,"25":1,"26":1,"27":1,"28":1,"29":1,"30":0,"31":1,"32":1,"33":1,"34":1,"35":3,"36":3},"f":{"0":11,"1":9,"2":12,"3":1,"4":2,"5":6,"6":6,"7":1,"8":1,"9":3,"10":3,"11":1,"12":1,"13":1,"14":1,"15":1,"16":1},"b":{"0":[9,9],"1":[9,0],"2":[0,12],"3":[12,12],"4":[2,2],"5":[6,6],"6":[6,6],"7":[6,0],"8":[1,1],"9":[3,3],"10":[3,0],"11":[0,1],"12":[3,0],"13":[3,3]}}
,"/home/danii/myProjects/challenges/example-hr/src/modules/timeoff-requests/timeoff-requests.service.ts": {"path":"/home/danii/myProjects/challenges/example-hr/src/modules/timeoff-requests/timeoff-requests.service.ts","statementMap":{"0":{"start":{"line":1,"column":0},"end":{"line":1,"column":44}},"1":{"start":{"line":2,"column":0},"end":{"line":2,"column":36}},"2":{"start":{"line":3,"column":0},"end":{"line":3,"column":60}},"3":{"start":{"line":4,"column":0},"end":{"line":4,"column":68}},"4":{"start":{"line":5,"column":0},"end":{"line":5,"column":69}},"5":{"start":{"line":6,"column":0},"end":{"line":6,"column":null}},"6":{"start":{"line":10,"column":0},"end":{"line":10,"column":57}},"7":{"start":{"line":11,"column":0},"end":{"line":11,"column":77}},"8":{"start":{"line":12,"column":0},"end":{"line":12,"column":67}},"9":{"start":{"line":13,"column":0},"end":{"line":13,"column":81}},"10":{"start":{"line":14,"column":0},"end":{"line":14,"column":null}},"11":{"start":{"line":19,"column":0},"end":{"line":19,"column":66}},"12":{"start":{"line":20,"column":0},"end":{"line":20,"column":74}},"13":{"start":{"line":30,"column":7},"end":{"line":179,"column":null}},"14":{"start":{"line":32,"column":21},"end":{"line":32,"column":41}},"15":{"start":{"line":33,"column":21},"end":{"line":33,"column":41}},"16":{"start":{"line":34,"column":21},"end":{"line":34,"column":38}},"17":{"start":{"line":38,"column":4},"end":{"line":38,"column":35}},"18":{"start":{"line":39,"column":4},"end":{"line":44,"column":5}},"19":{"start":{"line":40,"column":6},"end":{"line":43,"column":8}},"20":{"start":{"line":46,"column":16},"end":{"line":46,"column":40}},"21":{"start":{"line":47,"column":36},"end":{"line":56,"column":6}},"22":{"start":{"line":58,"column":4},"end":{"line":58,"column":51}},"23":{"start":{"line":62,"column":20},"end":{"line":62,"column":56}},"24":{"start":{"line":63,"column":4},"end":{"line":68,"column":5}},"25":{"start":{"line":64,"column":6},"end":{"line":67,"column":8}},"26":{"start":{"line":69,"column":4},"end":{"line":69,"column":19}},"27":{"start":{"line":73,"column":4},"end":{"line":73,"column":45}},"28":{"start":{"line":77,"column":4},"end":{"line":150,"column":5}},"29":{"start":{"line":77,"column":23},"end":{"line":77,"column":24}},"30":{"start":{"line":78,"column":23},"end":{"line":145,"column":8}},"31":{"start":{"line":79,"column":24},"end":{"line":79,"column":41}},"32":{"start":{"line":80,"column":8},"end":{"line":80,"column":65}},"33":{"start":{"line":83,"column":10},"end":{"line":87,"column":null}},"34":{"start":{"line":90,"column":8},"end":{"line":90,"column":69}},"35":{"start":{"line":92,"column":25},"end":{"line":96,"column":null}},"36":{"start":{"line":99,"column":8},"end":{"line":101,"column":9}},"37":{"start":{"line":100,"column":10},"end":{"line":100,"column":27}},"38":{"start":{"line":103,"column":47},"end":{"line":107,"column":10}},"39":{"start":{"line":108,"column":22},"end":{"line":108,"column":42}},"40":{"start":{"line":109,"column":8},"end":{"line":109,"column":53}},"41":{"start":{"line":111,"column":8},"end":{"line":119,"column":11}},"42":{"start":{"line":121,"column":37},"end":{"line":138,"column":10}},"43":{"start":{"line":140,"column":8},"end":{"line":143,"column":11}},"44":{"start":{"line":144,"column":8},"end":{"line":144,"column":30}},"45":{"start":{"line":147,"column":6},"end":{"line":149,"column":7}},"46":{"start":{"line":148,"column":8},"end":{"line":148,"column":24}},"47":{"start":{"line":152,"column":4},"end":{"line":155,"column":6}},"48":{"start":{"line":159,"column":20},"end":{"line":159,"column":37}},"49":{"start":{"line":160,"column":4},"end":{"line":160,"column":61}},"50":{"start":{"line":161,"column":20},"end":{"line":165,"column":6}},"51":{"start":{"line":166,"column":4},"end":{"line":166,"column":49}},"52":{"start":{"line":170,"column":20},"end":{"line":170,"column":37}},"53":{"start":{"line":171,"column":4},"end":{"line":171,"column":62}},"54":{"start":{"line":172,"column":20},"end":{"line":176,"column":6}},"55":{"start":{"line":177,"column":4},"end":{"line":177,"column":49}},"56":{"start":{"line":30,"column":13},"end":{"line":30,"column":35}},"57":{"start":{"line":30,"column":13},"end":{"line":179,"column":null}}},"fnMap":{"0":{"name":"(anonymous_2)","decl":{"start":{"line":31,"column":2},"end":{"line":31,"column":null}},"loc":{"start":{"line":34,"column":53},"end":{"line":35,"column":6}}},"1":{"name":"(anonymous_3)","decl":{"start":{"line":37,"column":2},"end":{"line":37,"column":8}},"loc":{"start":{"line":37,"column":34},"end":{"line":59,"column":3}}},"2":{"name":"(anonymous_4)","decl":{"start":{"line":61,"column":2},"end":{"line":61,"column":10}},"loc":{"start":{"line":61,"column":21},"end":{"line":70,"column":3}}},"3":{"name":"(anonymous_5)","decl":{"start":{"line":72,"column":2},"end":{"line":72,"column":9}},"loc":{"start":{"line":72,"column":9},"end":{"line":74,"column":3}}},"4":{"name":"(anonymous_6)","decl":{"start":{"line":76,"column":2},"end":{"line":76,"column":9}},"loc":{"start":{"line":76,"column":20},"end":{"line":156,"column":3}}},"5":{"name":"(anonymous_7)","decl":{"start":{"line":78,"column":60},"end":{"line":78,"column":63}},"loc":{"start":{"line":78,"column":65},"end":{"line":145,"column":7}}},"6":{"name":"(anonymous_8)","decl":{"start":{"line":158,"column":2},"end":{"line":158,"column":8}},"loc":{"start":{"line":158,"column":19},"end":{"line":167,"column":3}}},"7":{"name":"(anonymous_9)","decl":{"start":{"line":169,"column":2},"end":{"line":169,"column":8}},"loc":{"start":{"line":169,"column":19},"end":{"line":178,"column":3}}}},"branchMap":{"0":{"loc":{"start":{"line":39,"column":4},"end":{"line":44,"column":5}},"type":"if","locations":[{"start":{"line":39,"column":4},"end":{"line":44,"column":5}},{"start":{},"end":{}}]},"1":{"loc":{"start":{"line":39,"column":8},"end":{"line":39,"column":46}},"type":"binary-expr","locations":[{"start":{"line":39,"column":8},"end":{"line":39,"column":25}},{"start":{"line":39,"column":29},"end":{"line":39,"column":46}}]},"2":{"loc":{"start":{"line":63,"column":4},"end":{"line":68,"column":5}},"type":"if","locations":[{"start":{"line":63,"column":4},"end":{"line":68,"column":5}},{"start":{},"end":{}}]},"3":{"loc":{"start":{"line":83,"column":10},"end":{"line":87,"column":null}},"type":"binary-expr","locations":[{"start":{"line":83,"column":10},"end":{"line":83,"column":77}},{"start":{"line":84,"column":10},"end":{"line":87,"column":null}}]},"4":{"loc":{"start":{"line":99,"column":8},"end":{"line":101,"column":9}},"type":"if","locations":[{"start":{"line":99,"column":8},"end":{"line":101,"column":9}},{"start":{},"end":{}}]},"5":{"loc":{"start":{"line":129,"column":19},"end":{"line":134,"column":25}},"type":"cond-expr","locations":[{"start":{"line":130,"column":16},"end":{"line":133,"column":null}},{"start":{"line":134,"column":16},"end":{"line":134,"column":25}}]},"6":{"loc":{"start":{"line":147,"column":6},"end":{"line":149,"column":7}},"type":"if","locations":[{"start":{"line":147,"column":6},"end":{"line":149,"column":7}},{"start":{},"end":{}}]},"7":{"loc":{"start":{"line":32,"column":41},"end":{"line":32,"column":null}},"type":"cond-expr","locations":[{"start":{"line":32,"column":66},"end":{"line":32,"column":null}},{"start":{"line":32,"column":66},"end":{"line":32,"column":null}}]},"8":{"loc":{"start":{"line":32,"column":41},"end":{"line":32,"column":66}},"type":"binary-expr","locations":[{"start":{"line":32,"column":41},"end":{"line":32,"column":null}},{"start":{"line":32,"column":41},"end":{"line":32,"column":66}}]},"9":{"loc":{"start":{"line":32,"column":66},"end":{"line":33,"column":null}},"type":"cond-expr","locations":[{"start":{"line":33,"column":59},"end":{"line":33,"column":null}},{"start":{"line":33,"column":59},"end":{"line":33,"column":null}}]},"10":{"loc":{"start":{"line":32,"column":66},"end":{"line":33,"column":59}},"type":"binary-expr","locations":[{"start":{"line":32,"column":66},"end":{"line":33,"column":null}},{"start":{"line":33,"column":41},"end":{"line":33,"column":59}}]},"11":{"loc":{"start":{"line":33,"column":59},"end":{"line":34,"column":null}},"type":"cond-expr","locations":[{"start":{"line":34,"column":53},"end":{"line":34,"column":null}},{"start":{"line":34,"column":53},"end":{"line":34,"column":null}}]},"12":{"loc":{"start":{"line":33,"column":59},"end":{"line":34,"column":53}},"type":"binary-expr","locations":[{"start":{"line":33,"column":59},"end":{"line":34,"column":null}},{"start":{"line":34,"column":38},"end":{"line":34,"column":53}}]}},"s":{"0":2,"1":2,"2":2,"3":2,"4":2,"5":2,"6":2,"7":2,"8":2,"9":2,"10":2,"11":2,"12":2,"13":2,"14":7,"15":7,"16":7,"17":9,"18":9,"19":0,"20":9,"21":9,"22":9,"23":11,"24":11,"25":0,"26":11,"27":1,"28":8,"29":8,"30":8,"31":8,"32":8,"33":7,"34":7,"35":6,"36":6,"37":0,"38":6,"39":6,"40":6,"41":6,"42":6,"43":6,"44":6,"45":6,"46":6,"47":0,"48":0,"49":0,"50":0,"51":0,"52":0,"53":0,"54":0,"55":0,"56":2,"57":2},"f":{"0":7,"1":9,"2":11,"3":1,"4":8,"5":8,"6":0,"7":0},"b":{"0":[0,9],"1":[9,9],"2":[0,11],"3":[7,0],"4":[0,6],"5":[0,6],"6":[6,0],"7":[2,0],"8":[2,2],"9":[2,0],"10":[2,2],"11":[2,0],"12":[2,2]}}
,"/home/danii/myProjects/challenges/example-hr/src/shared/domain/balance.policy.ts": {"path":"/home/danii/myProjects/challenges/example-hr/src/shared/domain/balance.policy.ts","statementMap":{"0":{"start":{"line":3,"column":0},"end":{"line":3,"column":16}},"1":{"start":{"line":9,"column":0},"end":{"line":9,"column":16}},"2":{"start":{"line":1,"column":0},"end":{"line":1,"column":39}},"3":{"start":{"line":4,"column":2},"end":{"line":6,"column":3}},"4":{"start":{"line":5,"column":4},"end":{"line":5,"column":67}},"5":{"start":{"line":13,"column":2},"end":{"line":15,"column":3}},"6":{"start":{"line":14,"column":4},"end":{"line":14,"column":74}}},"fnMap":{"0":{"name":"assertPositiveDays","decl":{"start":{"line":3,"column":16},"end":{"line":3,"column":34}},"loc":{"start":{"line":3,"column":47},"end":{"line":7,"column":1}}},"1":{"name":"assertHasBalance","decl":{"start":{"line":9,"column":16},"end":{"line":9,"column":32}},"loc":{"start":{"line":11,"column":23},"end":{"line":16,"column":1}}}},"branchMap":{"0":{"loc":{"start":{"line":4,"column":2},"end":{"line":6,"column":3}},"type":"if","locations":[{"start":{"line":4,"column":2},"end":{"line":6,"column":3}},{"start":{},"end":{}}]},"1":{"loc":{"start":{"line":4,"column":6},"end":{"line":4,"column":41}},"type":"binary-expr","locations":[{"start":{"line":4,"column":6},"end":{"line":4,"column":28}},{"start":{"line":4,"column":32},"end":{"line":4,"column":41}}]},"2":{"loc":{"start":{"line":13,"column":2},"end":{"line":15,"column":3}},"type":"if","locations":[{"start":{"line":13,"column":2},"end":{"line":15,"column":3}},{"start":{},"end":{}}]}},"s":{"0":3,"1":3,"2":3,"3":10,"4":1,"5":8,"6":2},"f":{"0":10,"1":8},"b":{"0":[1,9],"1":[10,10],"2":[2,6]}}
,"/home/danii/myProjects/challenges/example-hr/src/shared/domain/errors.ts": {"path":"/home/danii/myProjects/challenges/example-hr/src/shared/domain/errors.ts","statementMap":{"0":{"start":{"line":7,"column":4},"end":{"line":7,"column":19}},"1":{"start":{"line":3,"column":20},"end":{"line":3,"column":32}},"2":{"start":{"line":5,"column":20},"end":{"line":5,"column":37}},"3":{"start":{"line":1,"column":0},"end":{"line":1,"column":13}}},"fnMap":{"0":{"name":"(anonymous_0)","decl":{"start":{"line":2,"column":2},"end":{"line":2,"column":null}},"loc":{"start":{"line":5,"column":37},"end":{"line":8,"column":3}}}},"branchMap":{},"s":{"0":6,"1":6,"2":6,"3":6},"f":{"0":6},"b":{}}
,"/home/danii/myProjects/challenges/example-hr/src/shared/domain/request-status.policy.ts": {"path":"/home/danii/myProjects/challenges/example-hr/src/shared/domain/request-status.policy.ts","statementMap":{"0":{"start":{"line":22,"column":0},"end":{"line":22,"column":16}},"1":{"start":{"line":1,"column":0},"end":{"line":1,"column":39}},"2":{"start":{"line":2,"column":0},"end":{"line":2,"column":55}},"3":{"start":{"line":4,"column":67},"end":{"line":20,"column":2}},"4":{"start":{"line":26,"column":2},"end":{"line":31,"column":3}},"5":{"start":{"line":27,"column":4},"end":{"line":30,"column":6}}},"fnMap":{"0":{"name":"assertTransition","decl":{"start":{"line":22,"column":16},"end":{"line":22,"column":32}},"loc":{"start":{"line":24,"column":21},"end":{"line":32,"column":1}}}},"branchMap":{"0":{"loc":{"start":{"line":26,"column":2},"end":{"line":31,"column":3}},"type":"if","locations":[{"start":{"line":26,"column":2},"end":{"line":31,"column":3}},{"start":{},"end":{}}]}},"s":{"0":3,"1":3,"2":3,"3":3,"4":10,"5":2},"f":{"0":10},"b":{"0":[2,8]}}
,"/home/danii/myProjects/challenges/example-hr/src/shared/types/balance.types.ts": {"path":"/home/danii/myProjects/challenges/example-hr/src/shared/types/balance.types.ts","statementMap":{"0":{"start":{"line":27,"column":0},"end":{"line":27,"column":16}},"1":{"start":{"line":1,"column":0},"end":{"line":1,"column":null}},"2":{"start":{"line":2,"column":2},"end":{"line":2,"column":null}},"3":{"start":{"line":3,"column":2},"end":{"line":3,"column":null}},"4":{"start":{"line":4,"column":2},"end":{"line":4,"column":null}},"5":{"start":{"line":5,"column":2},"end":{"line":5,"column":null}},"6":{"start":{"line":28,"column":2},"end":{"line":28,"column":40}}},"fnMap":{"0":{"name":"(anonymous_0)","decl":{"start":{"line":1,"column":0},"end":{"line":1,"column":12}},"loc":{"start":{"line":1,"column":27},"end":{"line":6,"column":1}}},"1":{"name":"balanceKey","decl":{"start":{"line":27,"column":16},"end":{"line":27,"column":26}},"loc":{"start":{"line":27,"column":65},"end":{"line":29,"column":1}}}},"branchMap":{"0":{"loc":{"start":{"line":1,"column":12},"end":{"line":1,"column":null}},"type":"binary-expr","locations":[{"start":{"line":1,"column":12},"end":{"line":1,"column":27}},{"start":{"line":1,"column":27},"end":{"line":1,"column":null}}]}},"s":{"0":3,"1":3,"2":3,"3":3,"4":3,"5":3,"6":0},"f":{"0":3,"1":0},"b":{"0":[3,3]}}
,"/home/danii/myProjects/challenges/example-hr/src/shared/types/request.types.ts": {"path":"/home/danii/myProjects/challenges/example-hr/src/shared/types/request.types.ts","statementMap":{"0":{"start":{"line":1,"column":0},"end":{"line":1,"column":null}},"1":{"start":{"line":2,"column":2},"end":{"line":2,"column":null}},"2":{"start":{"line":3,"column":2},"end":{"line":3,"column":null}},"3":{"start":{"line":4,"column":2},"end":{"line":4,"column":null}},"4":{"start":{"line":5,"column":2},"end":{"line":5,"column":null}},"5":{"start":{"line":6,"column":2},"end":{"line":6,"column":null}},"6":{"start":{"line":7,"column":2},"end":{"line":7,"column":null}},"7":{"start":{"line":8,"column":2},"end":{"line":8,"column":null}}},"fnMap":{"0":{"name":"(anonymous_0)","decl":{"start":{"line":1,"column":0},"end":{"line":1,"column":12}},"loc":{"start":{"line":1,"column":25},"end":{"line":9,"column":1}}}},"branchMap":{"0":{"loc":{"start":{"line":1,"column":12},"end":{"line":1,"column":null}},"type":"binary-expr","locations":[{"start":{"line":1,"column":12},"end":{"line":1,"column":25}},{"start":{"line":1,"column":25},"end":{"line":1,"column":null}}]}},"s":{"0":3,"1":3,"2":3,"3":3,"4":3,"5":3,"6":3,"7":3},"f":{"0":3},"b":{"0":[3,3]}}
,"/home/danii/myProjects/challenges/example-hr/src/shared/types/sync.types.ts": {"path":"/home/danii/myProjects/challenges/example-hr/src/shared/types/sync.types.ts","statementMap":{"0":{"start":{"line":1,"column":0},"end":{"line":1,"column":null}},"1":{"start":{"line":2,"column":2},"end":{"line":2,"column":null}},"2":{"start":{"line":3,"column":2},"end":{"line":3,"column":null}},"3":{"start":{"line":6,"column":0},"end":{"line":6,"column":null}},"4":{"start":{"line":7,"column":2},"end":{"line":7,"column":null}},"5":{"start":{"line":8,"column":2},"end":{"line":8,"column":null}},"6":{"start":{"line":9,"column":2},"end":{"line":9,"column":null}},"7":{"start":{"line":10,"column":2},"end":{"line":10,"column":null}}},"fnMap":{"0":{"name":"(anonymous_0)","decl":{"start":{"line":1,"column":0},"end":{"line":1,"column":12}},"loc":{"start":{"line":1,"column":25},"end":{"line":4,"column":1}}},"1":{"name":"(anonymous_1)","decl":{"start":{"line":6,"column":0},"end":{"line":6,"column":12}},"loc":{"start":{"line":6,"column":22},"end":{"line":11,"column":1}}}},"branchMap":{"0":{"loc":{"start":{"line":1,"column":12},"end":{"line":1,"column":null}},"type":"binary-expr","locations":[{"start":{"line":1,"column":12},"end":{"line":1,"column":25}},{"start":{"line":1,"column":25},"end":{"line":1,"column":null}}]},"1":{"loc":{"start":{"line":6,"column":12},"end":{"line":6,"column":null}},"type":"binary-expr","locations":[{"start":{"line":6,"column":12},"end":{"line":6,"column":22}},{"start":{"line":6,"column":22},"end":{"line":6,"column":null}}]}},"s":{"0":2,"1":2,"2":2,"3":2,"4":2,"5":2,"6":2,"7":2},"f":{"0":2,"1":2},"b":{"0":[2,2],"1":[2,2]}}
,"/home/danii/myProjects/challenges/example-hr/src/types/types-better-sqlite3.d.ts": {"path":"/home/danii/myProjects/challenges/example-hr/src/types/types-better-sqlite3.d.ts","statementMap":{},"fnMap":{},"branchMap":{},"s":{},"f":{},"b":{}}
}
