TN:
SF:src/app.module.ts
FNF:0
FNH:0
DA:1,0
DA:2,0
DA:3,0
DA:4,0
DA:5,0
DA:6,0
DA:7,0
DA:8,0
DA:9,0
DA:10,0
DA:11,0
DA:12,0
DA:13,0
DA:14,0
DA:15,0
DA:16,0
DA:17,0
DA:18,0
DA:19,0
DA:20,0
DA:21,0
DA:22,0
DA:23,0
DA:24,0
DA:25,0
DA:66,0
LF:26
LH:0
BRF:0
BRH:0
end_of_record
TN:
SF:src/main.ts
FN:5,bootstrap
FNF:1
FNH:0
FNDA:0,bootstrap
DA:1,0
DA:2,0
DA:3,0
DA:6,0
DA:7,0
DA:9,0
LF:6
LH:0
BRDA:7,0,0,0
BRDA:7,0,1,0
BRF:2
BRH:0
end_of_record
TN:
SF:src/config/config.service.ts
FN:16,(anonymous_1)
FNF:1
FNH:1
FNDA:14,(anonymous_1)
DA:1,5
DA:2,5
DA:3,5
DA:10,5
DA:11,14
DA:12,14
DA:13,14
DA:14,14
DA:17,14
DA:21,0
DA:24,14
DA:25,0
DA:28,14
DA:32,0
LF:14
LH:11
BRDA:11,0,0,14
BRDA:11,0,1,0
BRDA:17,1,0,0
BRDA:17,1,1,14
BRDA:18,2,0,14
BRDA:18,2,1,14
BRDA:24,3,0,0
BRDA:24,3,1,14
BRDA:24,4,0,14
BRDA:24,4,1,14
BRDA:28,5,0,0
BRDA:28,5,1,14
BRDA:29,6,0,14
BRDA:29,6,1,14
BRF:14
BRH:10
end_of_record
TN:
SF:src/config/defaults.ts
FNF:0
FNH:0
DA:1,5
DA:2,5
DA:3,5
LF:3
LH:3
BRF:0
BRH:0
end_of_record
TN:
SF:src/db/database.service.ts
FN:11,(anonymous_3)
FN:20,(anonymous_4)
FN:24,(anonymous_5)
FN:29,(anonymous_6)
FN:44,(anonymous_7)
FN:56,(anonymous_8)
FNF:6
FNH:5
FNDA:14,(anonymous_3)
FNDA:138,(anonymous_4)
FNDA:8,(anonymous_5)
FNDA:0,(anonymous_6)
FNDA:14,(anonymous_7)
FNDA:28,(anonymous_8)
DA:1,5
DA:2,5
DA:3,5
DA:4,5
DA:5,5
DA:8,5
DA:12,14
DA:14,14
DA:15,14
DA:16,14
DA:17,14
DA:21,138
DA:25,8
DA:26,8
DA:30,0
DA:45,14
DA:52,14
DA:53,14
DA:54,14
DA:55,14
DA:56,28
DA:59,14
DA:60,28
DA:64,28
DA:65,0
DA:68,28
DA:69,28
DA:70,28
DA:71,28
LF:29
LH:27
BRDA:12,0,0,10
BRDA:54,1,0,14
BRDA:54,1,1,0
BRDA:64,2,0,0
BRDA:64,2,1,28
BRDA:12,3,0,5
BRDA:12,3,1,0
BRDA:12,4,0,5
BRDA:12,4,1,5
BRF:9
BRH:6
end_of_record
TN:
SF:src/filters/domain-error.filter.ts
FN:12,(anonymous_2)
FN:25,(anonymous_3)
FN:27,(anonymous_4)
FN:60,mapCodeToHttpStatus
FNF:4
FNH:1
FNDA:4,(anonymous_2)
FNDA:0,(anonymous_3)
FNDA:0,(anonymous_4)
FNDA:0,mapCodeToHttpStatus
DA:1,4
DA:8,4
DA:9,4
DA:10,4
DA:12,4
DA:13,4
DA:14,4
DA:15,4
DA:16,4
DA:17,4
DA:18,4
DA:19,4
DA:20,4
DA:24,4
DA:25,0
DA:28,0
DA:29,0
DA:30,0
DA:32,0
DA:34,0
DA:38,0
DA:40,0
DA:49,0
DA:50,0
DA:61,0
DA:63,0
DA:68,0
DA:70,0
DA:72,0
DA:74,0
DA:76,0
LF:31
LH:14
BRDA:12,0,0,4
BRDA:12,0,1,4
BRDA:34,1,0,0
BRDA:34,1,1,0
BRDA:35,2,0,0
BRDA:35,2,1,0
BRDA:38,3,0,0
BRDA:38,3,1,0
BRDA:44,4,0,0
BRDA:44,4,1,0
BRDA:25,5,0,4
BRDA:25,5,1,0
BRDA:25,6,0,4
BRDA:25,6,1,4
BRDA:61,7,0,0
BRDA:61,7,1,0
BRDA:61,7,2,0
BRDA:61,7,3,0
BRDA:61,7,4,0
BRDA:61,7,5,0
BRDA:61,7,6,0
BRDA:61,7,7,0
BRDA:61,7,8,0
BRF:23
BRH:5
end_of_record
TN:
SF:src/modules/balances/balances.controller.ts
FN:6,(anonymous_4)
FN:9,(anonymous_5)
FNF:2
FNH:0
FNDA:0,(anonymous_4)
FNDA:0,(anonymous_5)
DA:1,0
DA:2,0
DA:5,0
DA:6,0
DA:9,0
DA:13,0
LF:6
LH:0
BRDA:6,0,0,0
BRDA:6,0,1,0
BRDA:6,1,0,0
BRDA:6,1,1,0
BRF:4
BRH:0
end_of_record
TN:
SF:src/modules/balances/balances.repository.ts
FN:7,(anonymous_2)
FN:9,(anonymous_3)
FN:39,(anonymous_4)
FN:61,(anonymous_5)
FN:76,(anonymous_6)
FN:100,(anonymous_7)
FN:121,(anonymous_8)
FNF:7
FNH:6
FNDA:13,(anonymous_2)
FNDA:39,(anonymous_3)
FNDA:14,(anonymous_4)
FNDA:0,(anonymous_5)
FNDA:6,(anonymous_6)
FNDA:3,(anonymous_7)
FNDA:8,(anonymous_8)
DA:1,4
DA:2,4
DA:6,4
DA:7,13
DA:10,39
DA:27,39
DA:29,36
DA:44,14
DA:45,14
DA:58,14
DA:67,0
DA:69,0
DA:82,6
DA:84,6
DA:93,6
DA:94,0
DA:97,6
DA:104,3
DA:118,3
DA:122,8
LF:20
LH:17
BRDA:27,0,0,3
BRDA:27,0,1,36
BRDA:35,1,0,36
BRDA:35,1,1,0
BRDA:67,2,0,0
BRDA:67,2,1,0
BRDA:93,3,0,0
BRDA:93,3,1,6
BRDA:134,4,0,8
BRDA:134,4,1,2
BRDA:7,5,0,4
BRDA:7,5,1,0
BRDA:7,6,0,4
BRDA:7,6,1,4
BRF:14
BRH:9
end_of_record
TN:
SF:src/modules/balances/balances.service.ts
FN:6,(anonymous_2)
FN:8,(anonymous_3)
FNF:2
FNH:0
FNDA:0,(anonymous_2)
FNDA:0,(anonymous_3)
DA:1,0
DA:2,0
DA:5,0
DA:6,0
DA:9,0
LF:5
LH:0
BRDA:10,0,0,0
BRDA:10,0,1,0
BRDA:6,1,0,0
BRDA:6,1,1,0
BRDA:6,2,0,0
BRDA:6,2,1,0
BRF:6
BRH:0
end_of_record
TN:
SF:src/modules/hcm-sync/clients/hcm.client.ts
FN:19,(anonymous_1)
FN:41,(anonymous_2)
FN:82,(anonymous_3)
FN:99,(anonymous_4)
FN:112,(anonymous_5)
FNF:5
FNH:5
FNDA:2,(anonymous_1)
FNDA:3,(anonymous_2)
FNDA:4,(anonymous_3)
FNDA:1,(anonymous_4)
FNDA:2,(anonymous_5)
DA:1,2
DA:2,2
DA:13,2
DA:14,7
DA:15,7
DA:16,7
DA:17,7
DA:23,2
DA:24,0
DA:27,0
DA:28,0
DA:29,0
DA:30,0
DA:31,0
DA:34,2
DA:35,1
DA:38,1
DA:42,3
DA:43,0
DA:49,0
DA:50,0
DA:51,0
DA:52,0
DA:55,0
DA:56,0
DA:57,0
DA:58,0
DA:61,0
DA:64,3
DA:65,1
DA:66,1
DA:67,1
DA:70,2
DA:71,1
DA:72,1
DA:73,1
DA:76,1
DA:77,1
DA:78,1
DA:79,1
DA:87,4
DA:88,0
DA:93,0
DA:96,4
DA:100,1
DA:101,0
DA:106,0
DA:109,1
DA:113,2
DA:115,0
DA:120,0
DA:125,0
DA:128,2
LF:53
LH:30
BRDA:23,0,0,0
BRDA:23,0,1,2
BRDA:27,1,0,0
BRDA:27,1,1,0
BRDA:28,2,0,0
BRDA:28,2,1,0
BRDA:29,3,0,0
BRDA:29,3,1,0
BRDA:34,4,0,1
BRDA:34,4,1,1
BRDA:42,5,0,0
BRDA:42,5,1,3
BRDA:49,6,0,0
BRDA:49,6,1,0
BRDA:49,7,0,0
BRDA:49,7,1,0
BRDA:55,8,0,0
BRDA:55,8,1,0
BRDA:64,9,0,1
BRDA:64,9,1,2
BRDA:64,10,0,3
BRDA:64,10,1,3
BRDA:70,11,0,1
BRDA:70,11,1,1
BRDA:77,12,0,1
BRDA:77,12,1,0
BRDA:87,13,0,0
BRDA:87,13,1,4
BRDA:100,14,0,0
BRDA:100,14,1,1
BRDA:104,15,0,0
BRDA:104,15,1,0
BRDA:113,16,0,0
BRDA:113,16,1,2
BRDA:115,17,0,0
BRDA:115,17,1,0
BRDA:117,18,0,0
BRDA:117,18,1,0
BRF:38
BRH:14
end_of_record
TN:
SF:src/modules/hcm-sync/controllers/sync-admin.controller.ts
FN:6,(anonymous_4)
FN:9,(anonymous_5)
FNF:2
FNH:0
FNDA:0,(anonymous_4)
FNDA:0,(anonymous_5)
DA:1,0
DA:2,0
DA:5,0
DA:6,0
DA:9,0
DA:10,0
DA:11,0
LF:7
LH:0
BRDA:10,0,0,0
BRDA:10,0,1,0
BRDA:12,1,0,0
BRDA:12,1,1,0
BRDA:6,2,0,0
BRDA:6,2,1,0
BRDA:6,3,0,0
BRDA:6,3,1,0
BRF:8
BRH:0
end_of_record
TN:
SF:src/modules/hcm-sync/controllers/sync.controller.ts
FN:13,(anonymous_4)
FN:19,(anonymous_5)
FN:24,(anonymous_6)
FN:32,(anonymous_7)
FNF:4
FNH:0
FNDA:0,(anonymous_4)
FNDA:0,(anonymous_5)
FNDA:0,(anonymous_6)
FNDA:0,(anonymous_7)
DA:1,0
DA:2,0
DA:3,0
DA:12,0
DA:14,0
DA:15,0
DA:19,0
DA:20,0
DA:24,0
DA:28,0
DA:32,0
DA:33,0
DA:42,0
LF:13
LH:0
BRDA:14,0,0,0
BRDA:14,0,1,0
BRDA:14,1,0,0
BRDA:14,1,1,0
BRDA:14,2,0,0
BRDA:14,2,1,0
BRDA:14,3,0,0
BRDA:14,3,1,0
BRF:8
BRH:0
end_of_record
TN:
SF:src/modules/hcm-sync/controllers/webhook.controller.ts
FN:7,(anonymous_4)
FN:10,(anonymous_5)
FNF:2
FNH:0
FNDA:0,(anonymous_4)
FNDA:0,(anonymous_5)
DA:1,0
DA:2,0
DA:6,0
DA:7,0
DA:10,0
DA:11,0
LF:6
LH:0
BRDA:7,0,0,0
BRDA:7,0,1,0
BRDA:7,1,0,0
BRDA:7,1,1,0
BRF:4
BRH:0
end_of_record
TN:
SF:src/modules/hcm-sync/services/batch-sync.service.ts
FN:26,(anonymous_2)
FN:35,(anonymous_3)
FN:188,(anonymous_4)
FNF:3
FNH:3
FNDA:4,(anonymous_2)
FNDA:3,(anonymous_3)
FNDA:2,(anonymous_4)
DA:1,1
DA:2,1
DA:3,1
DA:4,1
DA:5,1
DA:6,1
DA:7,1
DA:8,1
DA:9,1
DA:25,1
DA:27,4
DA:28,4
DA:29,4
DA:30,4
DA:31,4
DA:32,4
DA:36,3
DA:37,0
DA:43,3
DA:52,3
DA:53,1
DA:64,2
DA:65,2
DA:67,2
DA:86,2
DA:92,2
DA:93,2
DA:94,2
DA:95,2
DA:97,2
DA:98,2
DA:100,2
DA:101,5
DA:107,1
DA:108,1
DA:119,1
DA:122,4
DA:126,4
DA:127,2
DA:132,2
DA:133,2
DA:136,2
DA:137,1
DA:138,1
DA:141,1
DA:146,1
DA:149,2
DA:150,2
DA:157,2
DA:171,2
DA:178,2
DA:189,2
DA:190,0
DA:196,2
DA:197,2
DA:198,2
DA:199,1
DA:205,1
DA:206,0
DA:212,1
DA:213,1
DA:215,1
DA:216,1
DA:217,1
DA:222,1
DA:223,1
DA:224,1
DA:239,1
DA:241,1
DA:251,1
LF:70
LH:67
BRDA:36,0,0,0
BRDA:36,0,1,3
BRDA:36,1,0,3
BRDA:36,1,1,3
BRDA:52,2,0,1
BRDA:52,2,1,2
BRDA:52,3,0,3
BRDA:52,3,1,1
BRDA:64,4,0,0
BRDA:64,4,1,2
BRDA:64,5,0,2
BRDA:64,5,1,0
BRDA:101,6,0,1
BRDA:101,6,1,4
BRDA:102,7,0,5
BRDA:102,7,1,4
BRDA:102,7,2,4
BRDA:102,7,3,4
BRDA:126,8,0,2
BRDA:126,8,1,2
BRDA:136,9,0,1
BRDA:136,9,1,1
BRDA:189,10,0,0
BRDA:189,10,1,2
BRDA:189,11,0,2
BRDA:189,11,1,2
BRDA:198,12,0,1
BRDA:198,12,1,1
BRDA:205,13,0,0
BRDA:205,13,1,1
BRDA:212,14,0,1
BRDA:212,14,1,1
BRDA:215,15,0,1
BRDA:215,15,1,0
BRDA:222,16,0,1
BRDA:222,16,1,0
BRDA:223,17,0,1
BRDA:223,17,1,0
BRDA:254,18,0,1
BRDA:254,18,1,0
BRDA:27,19,0,1
BRDA:27,19,1,0
BRDA:27,20,0,1
BRDA:27,20,1,1
BRDA:27,21,0,1
BRDA:27,21,1,0
BRDA:27,22,0,1
BRDA:27,22,1,1
BRDA:28,23,0,1
BRDA:28,23,1,0
BRDA:28,24,0,1
BRDA:28,24,1,1
BRDA:29,25,0,1
BRDA:29,25,1,0
BRDA:29,26,0,1
BRDA:29,26,1,1
BRDA:30,27,0,1
BRDA:30,27,1,0
BRDA:30,28,0,1
BRDA:30,28,1,1
BRDA:31,29,0,1
BRDA:31,29,1,0
BRDA:31,30,0,1
BRDA:31,30,1,1
BRF:64
BRH:49
end_of_record
TN:
SF:src/modules/hcm-sync/services/realtime-sync.service.ts
FN:18,(anonymous_2)
FN:20,(anonymous_3)
FNF:2
FNH:2
FNDA:2,(anonymous_2)
FNDA:3,(anonymous_3)
DA:1,1
DA:2,1
DA:3,1
DA:4,1
DA:5,1
DA:6,1
DA:17,1
DA:18,2
DA:21,3
DA:22,0
DA:28,3
DA:29,3
DA:34,3
DA:35,1
DA:45,2
DA:57,2
DA:69,2
LF:17
LH:16
BRDA:21,0,0,0
BRDA:21,0,1,3
BRDA:21,1,0,3
BRDA:21,1,1,3
BRDA:21,1,2,3
BRDA:34,2,0,1
BRDA:34,2,1,2
BRDA:45,3,0,2
BRDA:45,3,1,0
BRDA:61,4,0,2
BRDA:61,4,1,0
BRDA:18,5,0,1
BRDA:18,5,1,0
BRDA:18,6,0,1
BRDA:18,6,1,1
BRF:15
BRH:11
end_of_record
TN:
SF:src/modules/hcm-sync/workers/outbound-sync.worker.ts
FN:11,(anonymous_2)
FN:19,(anonymous_3)
FN:38,(anonymous_4)
FN:97,(anonymous_5)
FNF:4
FNH:4
FNDA:3,(anonymous_2)
FNDA:3,(anonymous_3)
FNDA:3,(anonymous_4)
FNDA:1,(anonymous_5)
DA:1,1
DA:2,1
DA:3,1
DA:4,1
DA:5,1
DA:6,1
DA:7,1
DA:10,1
DA:12,3
DA:13,3
DA:14,3
DA:15,3
DA:16,3
DA:20,3
DA:21,3
DA:23,3
DA:24,3
DA:31,3
DA:39,3
DA:40,3
DA:41,3
DA:46,1
DA:47,1
DA:48,1
DA:50,1
DA:55,1
DA:61,2
DA:63,2
DA:64,2
DA:65,2
DA:73,2
DA:77,1
DA:84,1
DA:85,1
DA:94,3
DA:98,1
DA:99,1
DA:100,1
DA:101,1
LF:39
LH:39
BRDA:19,0,0,3
BRDA:34,1,0,3
BRDA:34,1,1,3
BRDA:35,2,0,3
BRDA:35,2,1,3
BRDA:73,3,0,1
BRDA:73,3,1,1
BRDA:74,4,0,2
BRDA:74,4,1,1
BRDA:12,5,0,1
BRDA:12,5,1,0
BRDA:12,6,0,1
BRDA:12,6,1,1
BRDA:12,7,0,1
BRDA:12,7,1,0
BRDA:12,8,0,1
BRDA:12,8,1,1
BRDA:13,9,0,1
BRDA:13,9,1,0
BRDA:13,10,0,1
BRDA:13,10,1,1
BRDA:14,11,0,1
BRDA:14,11,1,0
BRDA:14,12,0,1
BRDA:14,12,1,1
BRDA:15,13,0,1
BRDA:15,13,1,0
BRDA:15,14,0,1
BRDA:15,14,1,1
BRF:29
BRH:24
end_of_record
TN:
SF:src/modules/idempotency/fingerprint.ts
FN:1,canonicalize
FN:3,(anonymous_1)
FN:19,canonicalFingerprint
FNF:3
FNH:2
FNDA:10,canonicalize
FNDA:0,(anonymous_1)
FNDA:2,canonicalFingerprint
DA:2,10
DA:3,0
DA:6,10
DA:7,4
DA:8,4
DA:9,4
DA:10,4
DA:11,8
DA:13,4
DA:16,6
DA:19,1
DA:20,2
LF:12
LH:11
BRDA:2,0,0,0
BRDA:2,0,1,10
BRDA:6,1,0,4
BRDA:6,1,1,6
BRDA:6,2,0,10
BRDA:6,2,1,10
BRF:6
BRH:5
end_of_record
TN:
SF:src/modules/idempotency/idempotency.interceptor.ts
FN:16,(anonymous_2)
FN:18,(anonymous_3)
FN:57,(anonymous_4)
FNF:3
FNH:0
FNDA:0,(anonymous_2)
FNDA:0,(anonymous_3)
FNDA:0,(anonymous_4)
DA:1,0
DA:7,0
DA:8,0
DA:9,0
DA:10,0
DA:11,0
DA:12,0
DA:15,0
DA:16,0
DA:19,0
DA:27,0
DA:31,0
DA:32,0
DA:35,0
DA:36,0
DA:37,0
DA:40,0
DA:44,0
DA:46,0
DA:47,0
DA:48,0
DA:53,0
DA:56,0
DA:58,0
LF:24
LH:0
BRDA:31,0,0,0
BRDA:31,0,1,0
BRDA:36,1,0,0
BRDA:36,1,1,0
BRDA:46,2,0,0
BRDA:46,2,1,0
BRDA:47,3,0,0
BRDA:47,3,1,0
BRDA:16,4,0,0
BRDA:16,4,1,0
BRDA:16,5,0,0
BRDA:16,5,1,0
BRF:12
BRH:0
end_of_record
TN:
SF:src/modules/idempotency/idempotency.service.ts
FN:8,(anonymous_2)
FN:13,(anonymous_3)
FN:43,(anonymous_4)
FN:65,(anonymous_5)
FNF:4
FNH:4
FNDA:1,(anonymous_2)
FNDA:1,(anonymous_3)
FNDA:1,(anonymous_4)
FNDA:1,(anonymous_5)
DA:1,1
DA:2,1
DA:3,1
DA:7,1
DA:9,1
DA:10,1
DA:14,1
DA:16,1
DA:32,1
DA:34,0
DA:44,1
DA:48,1
DA:66,1
LF:13
LH:12
BRDA:32,0,0,1
BRDA:32,0,1,0
BRDA:9,1,0,1
BRDA:9,1,1,0
BRDA:9,2,0,1
BRDA:9,2,1,1
BRDA:9,3,0,1
BRDA:9,3,1,0
BRDA:9,4,0,1
BRDA:9,4,1,1
BRF:10
BRH:7
end_of_record
TN:
SF:src/modules/observability/request-context.ts
FN:12,(anonymous_0)
FN:16,(anonymous_1)
FN:20,(anonymous_2)
FNF:3
FNH:2
FNDA:3,(anonymous_0)
FNDA:10,(anonymous_1)
FNDA:0,(anonymous_2)
DA:1,4
DA:9,4
DA:11,4
DA:13,3
DA:17,10
DA:21,0
DA:22,0
DA:24,0
LF:8
LH:5
BRDA:22,0,0,0
BRDA:22,0,1,0
BRF:2
BRH:0
end_of_record
TN:
SF:src/modules/observability/controllers/metrics.controller.ts
FN:6,(anonymous_2)
FN:10,(anonymous_3)
FNF:2
FNH:0
FNDA:0,(anonymous_2)
FNDA:0,(anonymous_3)
DA:1,0
DA:2,0
DA:5,0
DA:6,0
DA:10,0
DA:11,0
LF:6
LH:0
BRDA:6,0,0,0
BRDA:6,0,1,0
BRDA:6,1,0,0
BRDA:6,1,1,0
BRF:4
BRH:0
end_of_record
TN:
SF:src/modules/observability/interceptors/trace.interceptor.ts
FN:14,(anonymous_1)
FN:33,(anonymous_2)
FN:34,(anonymous_3)
FN:36,(anonymous_4)
FN:37,(anonymous_5)
FN:38,(anonymous_6)
FNF:6
FNH:0
FNDA:0,(anonymous_1)
FNDA:0,(anonymous_2)
FNDA:0,(anonymous_3)
FNDA:0,(anonymous_4)
FNDA:0,(anonymous_5)
FNDA:0,(anonymous_6)
DA:1,0
DA:7,0
DA:8,0
DA:10,0
DA:13,0
DA:15,0
DA:16,0
DA:19,0
DA:20,0
DA:21,0
DA:23,0
DA:25,0
DA:28,0
DA:30,0
DA:31,0
DA:33,0
DA:34,0
DA:35,0
DA:36,0
DA:37,0
DA:38,0
LF:21
LH:0
BRDA:15,0,0,0
BRDA:15,0,1,0
BRDA:25,1,0,0
BRDA:25,1,1,0
BRDA:25,2,0,0
BRDA:25,2,1,0
BRF:6
BRH:0
end_of_record
TN:
SF:src/modules/observability/repository/app-logger.repository.ts
FN:6,(anonymous_2)
FN:8,(anonymous_3)
FNF:2
FNH:2
FNDA:7,(anonymous_2)
FNDA:4,(anonymous_3)
DA:1,4
DA:2,4
DA:5,4
DA:6,7
DA:13,4
LF:5
LH:5
BRDA:32,0,0,4
BRDA:32,0,1,1
BRDA:33,1,0,4
BRDA:33,1,1,1
BRDA:34,2,0,4
BRDA:34,2,1,1
BRDA:6,3,0,4
BRDA:6,3,1,0
BRDA:6,4,0,4
BRDA:6,4,1,4
BRF:10
BRH:9
end_of_record
TN:
SF:src/modules/observability/services/app-logger.service.ts
FN:7,(anonymous_2)
FN:9,(anonymous_3)
FN:15,(anonymous_4)
FN:21,(anonymous_5)
FN:32,(anonymous_6)
FNF:5
FNH:5
FNDA:7,(anonymous_2)
FNDA:2,(anonymous_3)
FNDA:2,(anonymous_4)
FNDA:4,(anonymous_5)
FNDA:4,(anonymous_6)
DA:1,4
DA:2,4
DA:3,4
DA:6,4
DA:7,7
DA:10,2
DA:11,2
DA:12,2
DA:16,2
DA:17,2
DA:18,2
DA:22,4
DA:24,4
DA:37,4
DA:38,4
DA:40,0
DA:41,0
LF:17
LH:15
BRDA:26,0,0,4
BRDA:26,0,1,1
BRDA:27,1,0,4
BRDA:27,1,1,1
BRDA:28,2,0,4
BRDA:28,2,1,1
BRDA:7,3,0,4
BRDA:7,3,1,0
BRDA:7,4,0,4
BRDA:7,4,1,4
BRF:10
BRH:9
end_of_record
TN:
SF:src/modules/observability/services/metrics.service.ts
FN:9,(anonymous_1)
FN:13,(anonymous_2)
FN:18,(anonymous_3)
FNF:3
FNH:2
FNDA:3,(anonymous_1)
FNDA:1,(anonymous_2)
FNDA:0,(anonymous_3)
DA:1,2
DA:4,2
DA:5,7
DA:6,7
DA:7,7
DA:10,3
DA:14,1
DA:15,1
DA:19,0
DA:21,0
DA:22,0
DA:23,0
DA:26,0
DA:27,0
DA:28,0
DA:29,0
DA:32,0
LF:17
LH:8
BRDA:9,0,0,3
BRDA:10,1,0,3
BRDA:10,1,1,3
BRDA:14,2,0,1
BRDA:14,2,1,1
BRDA:15,3,0,1
BRDA:15,3,1,1
BRDA:29,4,0,0
BRDA:29,4,1,0
BRDA:32,5,0,0
BRDA:32,5,1,0
BRF:11
BRH:7
end_of_record
TN:
SF:src/modules/timeoff-requests/timeoff-requests.controller.ts
FN:13,(anonymous_4)
FN:16,(anonymous_5)
FN:21,(anonymous_6)
FN:26,(anonymous_7)
FN:31,(anonymous_8)
FN:36,(anonymous_9)
FN:41,(anonymous_10)
FNF:7
FNH:0
FNDA:0,(anonymous_4)
FNDA:0,(anonymous_5)
FNDA:0,(anonymous_6)
FNDA:0,(anonymous_7)
FNDA:0,(anonymous_8)
FNDA:0,(anonymous_9)
FNDA:0,(anonymous_10)
DA:1,0
DA:2,0
DA:12,0
DA:13,0
DA:16,0
DA:17,0
DA:21,0
DA:22,0
DA:26,0
DA:27,0
DA:31,0
DA:32,0
DA:36,0
DA:37,0
DA:41,0
DA:42,0
LF:16
LH:0
BRDA:13,0,0,0
BRDA:13,0,1,0
BRDA:13,1,0,0
BRDA:13,1,1,0
BRF:4
BRH:0
end_of_record
TN:
SF:src/modules/timeoff-requests/timeoff-requests.repository.ts
FN:13,(anonymous_2)
FN:15,(anonymous_3)
FN:37,(anonymous_4)
FN:71,(anonymous_5)
FN:90,(anonymous_6)
FN:102,(anonymous_7)
FN:120,(anonymous_8)
FN:143,(anonymous_9)
FN:160,(anonymous_10)
FN:171,(anonymous_11)
FN:196,(anonymous_12)
FN:209,(anonymous_13)
FN:225,(anonymous_14)
FN:236,(anonymous_15)
FN:247,(anonymous_16)
FN:256,(anonymous_17)
FN:284,(anonymous_18)
FNF:17
FNH:17
FNDA:11,(anonymous_2)
FNDA:9,(anonymous_3)
FNDA:12,(anonymous_4)
FNDA:1,(anonymous_5)
FNDA:2,(anonymous_6)
FNDA:6,(anonymous_7)
FNDA:6,(anonymous_8)
FNDA:1,(anonymous_9)
FNDA:1,(anonymous_10)
FNDA:3,(anonymous_11)
FNDA:3,(anonymous_12)
FNDA:1,(anonymous_13)
FNDA:1,(anonymous_14)
FNDA:1,(anonymous_15)
FNDA:1,(anonymous_16)
FNDA:1,(anonymous_17)
FNDA:1,(anonymous_18)
DA:1,3
DA:2,3
DA:12,3
DA:13,11
DA:16,9
DA:34,9
DA:38,12
DA:57,12
DA:59,12
DA:72,1
DA:90,2
DA:103,6
DA:117,6
DA:121,6
DA:140,6
DA:144,1
DA:160,1
DA:172,3
DA:173,3
DA:196,3
DA:215,1
DA:226,1
DA:237,1
DA:248,1
DA:257,1
DA:258,1
DA:260,1
DA:269,1
DA:285,1
DA:296,1
LF:30
LH:30
BRDA:27,0,0,9
BRDA:27,0,1,9
BRDA:29,1,0,9
BRDA:29,1,1,0
BRDA:57,2,0,0
BRDA:57,2,1,12
BRDA:64,3,0,12
BRDA:64,3,1,12
BRDA:95,4,0,2
BRDA:95,4,1,2
BRDA:112,5,0,6
BRDA:112,5,1,6
BRDA:134,6,0,6
BRDA:134,6,1,6
BRDA:135,7,0,6
BRDA:135,7,1,0
BRDA:166,8,0,1
BRDA:166,8,1,1
BRDA:202,9,0,3
BRDA:202,9,1,3
BRDA:203,10,0,3
BRDA:203,10,1,0
BRDA:258,11,0,0
BRDA:258,11,1,1
BRDA:13,12,0,3
BRDA:13,12,1,0
BRDA:13,13,0,3
BRDA:13,13,1,3
BRF:28
BRH:22
end_of_record
TN:
SF:src/modules/timeoff-requests/timeoff-requests.service.ts
FN:31,(anonymous_2)
FN:37,(anonymous_3)
FN:61,(anonymous_4)
FN:72,(anonymous_5)
FN:76,(anonymous_6)
FN:78,(anonymous_7)
FN:158,(anonymous_8)
FN:169,(anonymous_9)
FNF:8
FNH:6
FNDA:7,(anonymous_2)
FNDA:9,(anonymous_3)
FNDA:11,(anonymous_4)
FNDA:1,(anonymous_5)
FNDA:8,(anonymous_6)
FNDA:8,(anonymous_7)
FNDA:0,(anonymous_8)
FNDA:0,(anonymous_9)
DA:1,2
DA:2,2
DA:3,2
DA:4,2
DA:5,2
DA:6,2
DA:10,2
DA:11,2
DA:12,2
DA:13,2
DA:14,2
DA:19,2
DA:20,2
DA:30,2
DA:32,7
DA:33,7
DA:34,7
DA:38,9
DA:39,9
DA:40,0
DA:46,9
DA:47,9
DA:58,9
DA:62,11
DA:63,11
DA:64,0
DA:69,11
DA:73,1
DA:77,8
DA:78,8
DA:79,8
DA:80,8
DA:83,7
DA:90,7
DA:92,6
DA:99,6
DA:100,0
DA:103,6
DA:108,6
DA:109,6
DA:111,6
DA:121,6
DA:140,6
DA:144,6
DA:147,6
DA:148,6
DA:152,0
DA:159,0
DA:160,0
DA:161,0
DA:166,0
DA:170,0
DA:171,0
DA:172,0
DA:177,0
LF:55
LH:43
BRDA:39,0,0,0
BRDA:39,0,1,9
BRDA:39,1,0,9
BRDA:39,1,1,9
BRDA:63,2,0,0
BRDA:63,2,1,11
BRDA:83,3,0,7
BRDA:83,3,1,0
BRDA:99,4,0,0
BRDA:99,4,1,6
BRDA:129,5,0,0
BRDA:129,5,1,6
BRDA:147,6,0,6
BRDA:147,6,1,0
BRDA:32,7,0,2
BRDA:32,7,1,0
BRDA:32,8,0,2
BRDA:32,8,1,2
BRDA:32,9,0,2
BRDA:32,9,1,0
BRDA:32,10,0,2
BRDA:32,10,1,2
BRDA:33,11,0,2
BRDA:33,11,1,0
BRDA:33,12,0,2
BRDA:33,12,1,2
BRF:26
BRH:17
end_of_record
TN:
SF:src/shared/domain/balance.policy.ts
FN:3,assertPositiveDays
FN:9,assertHasBalance
FNF:2
FNH:2
FNDA:10,assertPositiveDays
FNDA:8,assertHasBalance
DA:1,3
DA:3,3
DA:4,10
DA:5,1
DA:9,3
DA:13,8
DA:14,2
LF:7
LH:7
BRDA:4,0,0,1
BRDA:4,0,1,9
BRDA:4,1,0,10
BRDA:4,1,1,10
BRDA:13,2,0,2
BRDA:13,2,1,6
BRF:6
BRH:6
end_of_record
TN:
SF:src/shared/domain/errors.ts
FN:2,(anonymous_0)
FNF:1
FNH:1
FNDA:6,(anonymous_0)
DA:1,6
DA:3,6
DA:5,6
DA:7,6
LF:4
LH:4
BRF:0
BRH:0
end_of_record
TN:
SF:src/shared/domain/request-status.policy.ts
FN:22,assertTransition
FNF:1
FNH:1
FNDA:10,assertTransition
DA:1,3
DA:2,3
DA:4,3
DA:22,3
DA:26,10
DA:27,2
LF:6
LH:6
BRDA:26,0,0,2
BRDA:26,0,1,8
BRF:2
BRH:2
end_of_record
TN:
SF:src/shared/types/balance.types.ts
FN:1,(anonymous_0)
FN:27,balanceKey
FNF:2
FNH:1
FNDA:3,(anonymous_0)
FNDA:0,balanceKey
DA:1,3
DA:2,3
DA:3,3
DA:4,3
DA:5,3
DA:27,3
DA:28,0
LF:7
LH:6
BRDA:1,0,0,3
BRDA:1,0,1,3
BRF:2
BRH:2
end_of_record
TN:
SF:src/shared/types/request.types.ts
FN:1,(anonymous_0)
FNF:1
FNH:1
FNDA:3,(anonymous_0)
DA:1,3
DA:2,3
DA:3,3
DA:4,3
DA:5,3
DA:6,3
DA:7,3
DA:8,3
LF:8
LH:8
BRDA:1,0,0,3
BRDA:1,0,1,3
BRF:2
BRH:2
end_of_record
TN:
SF:src/shared/types/sync.types.ts
FN:1,(anonymous_0)
FN:6,(anonymous_1)
FNF:2
FNH:2
FNDA:2,(anonymous_0)
FNDA:2,(anonymous_1)
DA:1,2
DA:2,2
DA:3,2
DA:6,2
DA:7,2
DA:8,2
DA:9,2
DA:10,2
LF:8
LH:8
BRDA:1,0,0,2
BRDA:1,0,1,2
BRDA:6,1,0,2
BRDA:6,1,1,2
BRF:4
BRH:4
end_of_record
TN:
SF:src/types/types-better-sqlite3.d.ts
FNF:0
FNH:0
LF:0
LH:0
BRF:0
BRH:0
end_of_record
